<?xml version="1.0" encoding="utf-8"?><testsuites name="pytest tests"><testsuite name="pytest" errors="0" failures="0" skipped="0" tests="8" time="0.895" timestamp="2026-07-17T00:13:30.223827+00:00" hostname="agent-env-94fb6841-fa3a-48ef-bf39-26584f17dfc6"><testcase classname="tests.test_whatsapp_chats_contact_name_fix" name="test_fix_principal_contact_name_es_ultimo_no_vacio" time="0.640" /><testcase classname="tests.test_whatsapp_chats_contact_name_fix" name="test_estructura_endpoint_completa" time="0.000" /><testcase classname="tests.test_whatsapp_chats_contact_name_fix" name="test_regresion_solo_saliente_fallback_phone" time="0.000" /><testcase classname="tests.test_whatsapp_chats_contact_name_fix" name="test_regresion_ultimo_entrante_conserva_nombre" time="0.000" /><testcase classname="tests.test_whatsapp_chats_contact_name_fix" name="test_regresion_f2_crm_gana_sobre_push_name" time="0.000" /><testcase classname="tests.test_whatsapp_chats_contact_name_fix" name="test_regresion_f4_grupos_y_hidden" time="0.000" /><testcase classname="tests.test_whatsapp_chats_contact_name_fix" name="test_orden_last_at_descendente" time="0.001" /><testcase classname="tests.test_whatsapp_chats_contact_name_fix" name="test_auth_requerida" time="0.117" /></testsuite></testsuites>