<?xml version="1.0" encoding="utf-8"?><testsuites name="pytest tests"><testsuite name="pytest" errors="0" failures="0" skipped="1" tests="9" time="1.285" timestamp="2026-06-20T03:37:07.796854+00:00" hostname="agent-env-d2293673-f6cd-4ae2-ac89-5179ba794b84"><testcase classname="backend.tests.test_iteration45_client_commission.TestClientCommissionOverride" name="test_01_create_mayorista_with_override" time="0.426" /><testcase classname="backend.tests.test_iteration45_client_commission.TestClientCommissionOverride" name="test_02_get_client_persists_override" time="0.047" /><testcase classname="backend.tests.test_iteration45_client_commission.TestClientCommissionOverride" name="test_03_custom_quotation_uses_override" time="0.045" /><testcase classname="backend.tests.test_iteration45_client_commission.TestClientCommissionOverride" name="test_04_services_quotation_uses_override" time="0.134"><skipped type="pytest.skip" message="services endpoint no acepta este payload: 400 {&quot;detail&quot;:&quot;Agrega al menos un servicio para una cotización a la carta&quot;}">/app/backend/tests/test_iteration45_client_commission.py:141: services endpoint no acepta este payload: 400 {"detail":"Agrega al menos un servicio para una cotización a la carta"}</skipped></testcase><testcase classname="backend.tests.test_iteration45_client_commission.TestClientCommissionOverride" name="test_05_clear_override_via_update_null" time="0.089" /><testcase classname="backend.tests.test_iteration45_client_commission.TestClientCommissionOverride" name="test_06_after_clear_uses_global" time="0.045" /><testcase classname="backend.tests.test_iteration45_client_commission.TestClientCommissionOverride" name="test_07_direct_client_no_commission" time="0.125" /><testcase classname="backend.tests.test_iteration45_client_commission.TestClientCommissionOverride" name="test_08_validation_rejects_out_of_range" time="0.045" /><testcase classname="backend.tests.test_iteration45_client_commission.TestClientCommissionOverride" name="test_99_cleanup" time="0.257" /></testsuite></testsuites>