<?xml version="1.0" encoding="utf-8"?><testsuites name="pytest tests"><testsuite name="pytest" errors="0" failures="0" skipped="0" tests="13" time="3.461" timestamp="2026-08-06T10:28:59.755794+00:00" hostname="agent-env-24b7d350-d1ea-4797-90b3-f4bf46170732"><testcase classname="backend.tests.test_iteration58_payment_config.TestIntegrationsCardFee" name="test_get_default_card_fee" time="0.560" /><testcase classname="backend.tests.test_iteration58_payment_config.TestIntegrationsCardFee" name="test_persist_card_fee" time="0.242" /><testcase classname="backend.tests.test_iteration58_payment_config.TestPaymentGating" name="test_public_default_payment_disabled" time="0.657" /><testcase classname="backend.tests.test_iteration58_payment_config.TestPaymentGating" name="test_checkout_blocked_when_disabled" time="0.157" /><testcase classname="backend.tests.test_iteration58_payment_config.TestPaymentGating" name="test_enable_payment_config_full" time="0.079" /><testcase classname="backend.tests.test_iteration58_payment_config.TestPaymentGating" name="test_public_reflects_enabled_and_fee" time="0.159" /><testcase classname="backend.tests.test_iteration58_payment_config.TestPaymentGating" name="test_wrong_pay_type_returns_400" time="0.167" /><testcase classname="backend.tests.test_iteration58_payment_config.TestPaymentGating" name="test_switch_to_deposit_and_wrong_type" time="0.238" /><testcase classname="backend.tests.test_iteration58_payment_config.TestPaymentGating" name="test_already_paid_blocks_checkout" time="0.427" /><testcase classname="backend.tests.test_iteration58_payment_config.TestBookingConfirmationStamp" name="test_save_and_pdf_paid_stamp" time="0.230" /><testcase classname="backend.tests.test_iteration58_payment_config.TestBookingConfirmationStamp" name="test_save_pending_stamp" time="0.076" /><testcase classname="backend.tests.test_iteration58_payment_config.TestBookingConfirmationStamp" name="test_save_auto_stamp" time="0.076" /><testcase classname="backend.tests.test_iteration58_payment_config.TestStateInternalGanada" name="test_state_ganada_accepted_by_backend" time="0.302" /></testsuite></testsuites>