<?xml version="1.0" encoding="utf-8"?><testsuites name="pytest tests"><testsuite name="pytest" errors="0" failures="0" skipped="0" tests="5" time="2.085" timestamp="2026-06-19T21:54:12.021903+00:00" hostname="agent-env-f8bf9f4e-126d-44eb-a5a8-e363f491a0ef"><testcase classname="backend.tests.test_iteration39_fase_a.TestQuotationCustomItems" name="test_create_paquete_with_custom_item_and_no_breakdown" time="0.605" /><testcase classname="backend.tests.test_iteration39_fase_a.TestPublic" name="test_public_payload_exposes_show_price_breakdown" time="0.230" /><testcase classname="backend.tests.test_iteration39_fase_a.TestPublic" name="test_public_pdf_returns_200_pdf" time="0.162" /><testcase classname="backend.tests.test_iteration39_fase_a.TestBookingPrefill" name="test_prefill_ganada" time="0.861" /><testcase classname="backend.tests.test_iteration39_fase_a.TestPackageInclusions" name="test_create_package_with_inclusions_and_reread" time="0.135" /></testsuite></testsuites>