<?xml version="1.0" encoding="utf-8"?><testsuites name="pytest tests"><testsuite name="pytest" errors="0" failures="0" skipped="0" tests="10" time="3.407" timestamp="2026-06-15T14:45:49.471138+00:00" hostname="agent-env-88c8d8d9-9e84-486c-9d18-9e0981c047f1"><testcase classname="backend.tests.test_iteration16_whatsapp_funnel.TestFunnelMetrics" name="test_metrics_shape" time="0.819" /><testcase classname="backend.tests.test_iteration16_whatsapp_funnel.TestFunnelMetrics" name="test_metrics_requires_super_admin" time="0.061" /><testcase classname="backend.tests.test_iteration16_whatsapp_funnel.TestFunnelMetrics" name="test_metrics_updates_after_signup_and_approve" time="0.575" /><testcase classname="backend.tests.test_iteration16_whatsapp_funnel.TestWhatsAppNumbers" name="test_list_numbers_seed" time="0.045" /><testcase classname="backend.tests.test_iteration16_whatsapp_funnel.TestWhatsAppNumbers" name="test_add_and_delete_number" time="0.178" /><testcase classname="backend.tests.test_iteration16_whatsapp_funnel.TestWhatsAppNumbers" name="test_connect_without_microservice_returns_503" time="0.141" /><testcase classname="backend.tests.test_iteration16_whatsapp_funnel.TestWhatsAppWebhook" name="test_webhook_requires_secret" time="0.130" /><testcase classname="backend.tests.test_iteration16_whatsapp_funnel.TestWhatsAppWebhook" name="test_webhook_wrong_secret" time="0.099" /><testcase classname="backend.tests.test_iteration16_whatsapp_funnel.TestWhatsAppWebhook" name="test_webhook_status_and_message_flow" time="0.923" /><testcase classname="backend.tests.test_iteration16_whatsapp_funnel.TestTenantIsolation" name="test_other_tenant_cannot_see_messages" time="0.352" /></testsuite></testsuites>