<?xml version="1.0" encoding="utf-8"?><testsuites name="pytest tests"><testsuite name="pytest" errors="0" failures="0" skipped="0" tests="12" time="1.714" timestamp="2026-06-17T04:19:15.671907+00:00" hostname="agent-env-af37c92f-ff38-4ee0-93d6-d3c3602127c4"><testcase classname="backend.tests.test_iteration33_stats_tz" name="test_stats_has_previous_and_deltas[week]" time="0.603" /><testcase classname="backend.tests.test_iteration33_stats_tz" name="test_stats_has_previous_and_deltas[month]" time="0.060" /><testcase classname="backend.tests.test_iteration33_stats_tz" name="test_stats_has_previous_and_deltas[quarter]" time="0.054" /><testcase classname="backend.tests.test_iteration33_stats_tz" name="test_stats_has_previous_and_deltas[year]" time="0.057" /><testcase classname="backend.tests.test_iteration33_stats_tz" name="test_executive_cannot_access_stats" time="0.379" /><testcase classname="backend.tests.test_iteration33_stats_tz" name="test_get_integrations_default_timezone" time="0.053" /><testcase classname="backend.tests.test_iteration33_stats_tz" name="test_patch_valid_timezone_persists" time="0.109" /><testcase classname="backend.tests.test_iteration33_stats_tz" name="test_patch_invalid_timezone_ignored" time="0.071" /><testcase classname="backend.tests.test_iteration33_stats_tz" name="test_restore_timezone_cdmx" time="0.051" /><testcase classname="backend.tests.test_iteration33_stats_tz" name="test_send_report_graceful_no_provider" time="0.067" /><testcase classname="backend.tests.test_iteration33_stats_tz" name="test_export_xlsx_ok" time="0.066" /><testcase classname="backend.tests.test_iteration33_stats_tz" name="test_report_config_persists" time="0.054" /></testsuite></testsuites>