<?xml version="1.0" encoding="utf-8"?><testsuites name="pytest tests"><testsuite name="pytest" errors="0" failures="0" skipped="0" tests="11" time="3.469" timestamp="2026-06-15T13:06:35.369688+00:00" hostname="agent-env-88c8d8d9-9e84-486c-9d18-9e0981c047f1"><testcase classname="tests.test_iteration14_signup_funnel.TestPublicSignup" name="test_signup_success_201" time="0.424" /><testcase classname="tests.test_iteration14_signup_funnel.TestPublicSignup" name="test_signup_duplicate_existing_user" time="0.048" /><testcase classname="tests.test_iteration14_signup_funnel.TestPublicSignup" name="test_signup_short_password_422" time="0.045" /><testcase classname="tests.test_iteration14_signup_funnel.TestPublicSignup" name="test_signup_short_name_422" time="0.044" /><testcase classname="tests.test_iteration14_signup_funnel.TestPublicSignup" name="test_signup_duplicate_pending" time="0.319" /><testcase classname="tests.test_iteration14_signup_funnel.TestMasterListAndCount" name="test_list_requires_super_admin" time="0.046" /><testcase classname="tests.test_iteration14_signup_funnel.TestMasterListAndCount" name="test_list_and_count" time="0.424" /><testcase classname="tests.test_iteration14_signup_funnel.TestApproveFlow" name="test_approve_creates_company_user_and_login_works" time="0.749" /><testcase classname="tests.test_iteration14_signup_funnel.TestApproveFlow" name="test_approve_slug_dedupes_with_suffix" time="0.691" /><testcase classname="tests.test_iteration14_signup_funnel.TestApproveFlow" name="test_approve_already_processed_returns_400" time="0.092" /><testcase classname="tests.test_iteration14_signup_funnel.TestRejectFlow" name="test_reject_with_reason" time="0.501" /></testsuite></testsuites>