<?xml version="1.0" encoding="utf-8"?><testsuites name="pytest tests"><testsuite name="pytest" errors="0" failures="0" skipped="0" tests="2" time="1.483" timestamp="2026-06-15T05:16:35.476543+00:00" hostname="agent-env-312198f2-4016-489f-8141-fa6326c54827"><testcase classname="backend.tests.test_fase_b_quotations" name="test_servicios_quotation_lifecycle" time="1.119" /><testcase classname="backend.tests.test_fase_b_quotations" name="test_won_audit_on_state_change" time="0.295" /></testsuite></testsuites>