<?xml version="1.0" encoding="utf-8"?><testsuites name="pytest tests"><testsuite name="pytest" errors="0" failures="0" skipped="0" tests="12" time="1.680" timestamp="2026-07-21T18:25:18.741798+00:00" hostname="agent-env-94fb6841-fa3a-48ef-bf39-26584f17dfc6"><testcase classname="backend.tests.test_iteration54_quot_adjustments.TestPunto1DiscountFinalTotal" name="test_apply_percent_discount_creates_final_total" time="0.499" /><testcase classname="backend.tests.test_iteration54_quot_adjustments.TestPunto1DiscountFinalTotal" name="test_listing_returns_final_total_field" time="0.075" /><testcase classname="backend.tests.test_iteration54_quot_adjustments.TestPunto1DiscountFinalTotal" name="test_reset_discount" time="0.048" /><testcase classname="backend.tests.test_iteration54_quot_adjustments.TestPunto1DiscountFinalTotal" name="test_regression_engine_paquete" time="0.048" /><testcase classname="backend.tests.test_iteration54_quot_adjustments.TestPunto2ServiciosCustomItems" name="test_custom_item_persisted_with_description" time="0.194" /><testcase classname="backend.tests.test_iteration54_quot_adjustments.TestPunto2ServiciosCustomItems" name="test_regression_engine_servicios_with_custom" time="0.049" /><testcase classname="backend.tests.test_iteration54_quot_adjustments.TestPunto2ServiciosCustomItems" name="test_servicios_persists_type_and_no_package" time="0.049" /><testcase classname="backend.tests.test_iteration54_quot_adjustments.TestPunto3PdfAndPublic" name="test_pdf_200_for_servicios_with_custom" time="0.067" /><testcase classname="backend.tests.test_iteration54_quot_adjustments.TestPunto3PdfAndPublic" name="test_public_link_returns_item_description" time="0.292" /><testcase classname="backend.tests.test_iteration54_quot_adjustments.TestPunto4MonthGrouping" name="test_listing_contains_multi_month_docs" time="0.065" /><testcase classname="backend.tests.test_iteration54_quot_adjustments.TestPunto4MonthGrouping" name="test_previous_year_present_for_selector" time="0.062" /><testcase classname="backend.tests.test_iteration54_quot_adjustments.TestPunto4MonthGrouping" name="test_month_filter_returns_only_that_month" time="0.094" /></testsuite></testsuites>