<?xml version="1.0" encoding="utf-8"?><testsuites name="pytest tests"><testsuite name="pytest" errors="0" failures="1" skipped="0" tests="19" time="19.922" timestamp="2026-06-15T01:57:37.681024+00:00" hostname="agent-env-eace129a-84bc-4e06-b867-078a800be150"><testcase classname="backend.tests.test_iteration2.TestLogoUpload" name="test_upload_logo_as_admin" time="0.503" /><testcase classname="backend.tests.test_iteration2.TestLogoUpload" name="test_logo_static_serves" time="0.209"><failure message="AssertionError: PUBLIC ROUTING BUG: /uploads/* not reachable via ingress. Got status=200, content-type=text/html; charset=utf-8. Frontend img tags pointing to /uploads/logos/de7483e7-7698-4a60-b6e3-6b08db474a67.png will load React SPA HTML instead of the image. Fix: mount StaticFiles under /api/uploads/ or expose logo via /api/companies/me/logo (GET).&#10;assert (200 == 200 and False)&#10; +  where 200 = &lt;Response [200]&gt;.status_code&#10; +  and   False = &lt;built-in method startswith of str object at 0xfd08afdd72d0&gt;('image/')&#10; +    where &lt;built-in method startswith of str object at 0xfd08afdd72d0&gt; = 'text/html; charset=utf-8'.startswith&#10; +      where 'text/html; charset=utf-8' = get('content-type', '')&#10; +        where get = {'Date': 'Mon, 15 Jun 2026 01:57:38 GMT', 'Content-Type': 'text/html; charset=utf-8', 'Transfer-Encoding': 'chunked', 'Connection': 'keep-alive', 'CF-Ray': 'a0bdf7134c5dcc6e-ORD', 'CF-Cache-Status': 'DYNAMIC', 'set-cookie': '__cf_bm=IdenhmJqCTKsOKg8h2MoXtsKjbBIfSAgZXgUnYVyIfY-1781488658.4460642-1.0.1.1-DcSnrgFUQxnQrohpsGTMS6q_F.XVBhyUUu6ool8XElapM0n8TDLSRcnQolCd2sHYwCd7I4HxZTrl.igmuQjvNYBCL.qUeZ99EoiVOpFKk7xiKg1ekxk.SLWKo4P7ovZm; HttpOnly; SameSite=None; Secure; Path=/; Domain=preview.emergentagent.com; Expires=Mon, 15 Jun 2026 02:27:38 GMT', 'Access-Control-Allow-Origin': '*', 'Cache-Control': 'no-store, no-cache, must-revalidate', 'X-Robots-Tag': 'noindex, nofollow', 'ETag': 'W/&quot;1e08-TfRFw6fxLAJCTFuLe6L1kP4jDrY&quot;', 'Server': 'cloudflare', 'Vary': 'Accept-Encoding', 'Via': '1.1 google', 'Access-Control-Max-Age': '300', 'access-control-allow-headers': '*', 'access-control-allow-methods': 'GET, POST, PUT, DELETE, OPTIONS, HEAD, PATCH', 'x-powered-by': 'Express', 'Content-Encoding': 'gzip'}.get&#10; +          where {'Date': 'Mon, 15 Jun 2026 01:57:38 GMT', 'Content-Type': 'text/html; charset=utf-8', 'Transfer-Encoding': 'chunked', 'Connection': 'keep-alive', 'CF-Ray': 'a0bdf7134c5dcc6e-ORD', 'CF-Cache-Status': 'DYNAMIC', 'set-cookie': '__cf_bm=IdenhmJqCTKsOKg8h2MoXtsKjbBIfSAgZXgUnYVyIfY-1781488658.4460642-1.0.1.1-DcSnrgFUQxnQrohpsGTMS6q_F.XVBhyUUu6ool8XElapM0n8TDLSRcnQolCd2sHYwCd7I4HxZTrl.igmuQjvNYBCL.qUeZ99EoiVOpFKk7xiKg1ekxk.SLWKo4P7ovZm; HttpOnly; SameSite=None; Secure; Path=/; Domain=preview.emergentagent.com; Expires=Mon, 15 Jun 2026 02:27:38 GMT', 'Access-Control-Allow-Origin': '*', 'Cache-Control': 'no-store, no-cache, must-revalidate', 'X-Robots-Tag': 'noindex, nofollow', 'ETag': 'W/&quot;1e08-TfRFw6fxLAJCTFuLe6L1kP4jDrY&quot;', 'Server': 'cloudflare', 'Vary': 'Accept-Encoding', 'Via': '1.1 google', 'Access-Control-Max-Age': '300', 'access-control-allow-headers': '*', 'access-control-allow-methods': 'GET, POST, PUT, DELETE, OPTIONS, HEAD, PATCH', 'x-powered-by': 'Express', 'Content-Encoding': 'gzip'} = &lt;Response [200]&gt;.headers">backend/tests/test_iteration2.py:99: in test_logo_static_serves
    assert public.status_code == 200 and public.headers.get("content-type", "").startswith("image/"), (
E   AssertionError: PUBLIC ROUTING BUG: /uploads/* not reachable via ingress. Got status=200, content-type=text/html; charset=utf-8. Frontend img tags pointing to /uploads/logos/de7483e7-7698-4a60-b6e3-6b08db474a67.png will load React SPA HTML instead of the image. Fix: mount StaticFiles under /api/uploads/ or expose logo via /api/companies/me/logo (GET).
E   assert (200 == 200 and False)
E    +  where 200 = &lt;Response [200]&gt;.status_code
E    +  and   False = &lt;built-in method startswith of str object at 0xfd08afdd72d0&gt;('image/')
E    +    where &lt;built-in method startswith of str object at 0xfd08afdd72d0&gt; = 'text/html; charset=utf-8'.startswith
E    +      where 'text/html; charset=utf-8' = get('content-type', '')
E    +        where get = {'Date': 'Mon, 15 Jun 2026 01:57:38 GMT', 'Content-Type': 'text/html; charset=utf-8', 'Transfer-Encoding': 'chunked', 'Connection': 'keep-alive', 'CF-Ray': 'a0bdf7134c5dcc6e-ORD', 'CF-Cache-Status': 'DYNAMIC', 'set-cookie': '__cf_bm=IdenhmJqCTKsOKg8h2MoXtsKjbBIfSAgZXgUnYVyIfY-1781488658.4460642-1.0.1.1-DcSnrgFUQxnQrohpsGTMS6q_F.XVBhyUUu6ool8XElapM0n8TDLSRcnQolCd2sHYwCd7I4HxZTrl.igmuQjvNYBCL.qUeZ99EoiVOpFKk7xiKg1ekxk.SLWKo4P7ovZm; HttpOnly; SameSite=None; Secure; Path=/; Domain=preview.emergentagent.com; Expires=Mon, 15 Jun 2026 02:27:38 GMT', 'Access-Control-Allow-Origin': '*', 'Cache-Control': 'no-store, no-cache, must-revalidate', 'X-Robots-Tag': 'noindex, nofollow', 'ETag': 'W/"1e08-TfRFw6fxLAJCTFuLe6L1kP4jDrY"', 'Server': 'cloudflare', 'Vary': 'Accept-Encoding', 'Via': '1.1 google', 'Access-Control-Max-Age': '300', 'access-control-allow-headers': '*', 'access-control-allow-methods': 'GET, POST, PUT, DELETE, OPTIONS, HEAD, PATCH', 'x-powered-by': 'Express', 'Content-Encoding': 'gzip'}.get
E    +          where {'Date': 'Mon, 15 Jun 2026 01:57:38 GMT', 'Content-Type': 'text/html; charset=utf-8', 'Transfer-Encoding': 'chunked', 'Connection': 'keep-alive', 'CF-Ray': 'a0bdf7134c5dcc6e-ORD', 'CF-Cache-Status': 'DYNAMIC', 'set-cookie': '__cf_bm=IdenhmJqCTKsOKg8h2MoXtsKjbBIfSAgZXgUnYVyIfY-1781488658.4460642-1.0.1.1-DcSnrgFUQxnQrohpsGTMS6q_F.XVBhyUUu6ool8XElapM0n8TDLSRcnQolCd2sHYwCd7I4HxZTrl.igmuQjvNYBCL.qUeZ99EoiVOpFKk7xiKg1ekxk.SLWKo4P7ovZm; HttpOnly; SameSite=None; Secure; Path=/; Domain=preview.emergentagent.com; Expires=Mon, 15 Jun 2026 02:27:38 GMT', 'Access-Control-Allow-Origin': '*', 'Cache-Control': 'no-store, no-cache, must-revalidate', 'X-Robots-Tag': 'noindex, nofollow', 'ETag': 'W/"1e08-TfRFw6fxLAJCTFuLe6L1kP4jDrY"', 'Server': 'cloudflare', 'Vary': 'Accept-Encoding', 'Via': '1.1 google', 'Access-Control-Max-Age': '300', 'access-control-allow-headers': '*', 'access-control-allow-methods': 'GET, POST, PUT, DELETE, OPTIONS, HEAD, PATCH', 'x-powered-by': 'Express', 'Content-Encoding': 'gzip'} = &lt;Response [200]&gt;.headers</failure></testcase><testcase classname="backend.tests.test_iteration2.TestLogoUpload" name="test_executive_cannot_upload_logo" time="0.374" /><testcase classname="backend.tests.test_iteration2.TestLogoUpload" name="test_upload_rejects_non_image" time="0.050" /><testcase classname="backend.tests.test_iteration2.TestLogoUpload" name="test_delete_logo" time="0.111" /><testcase classname="backend.tests.test_iteration2.TestLogoUpload" name="test_reupload_after_delete" time="0.049" /><testcase classname="backend.tests.test_iteration2.TestMultiRoomQuotation" name="test_multi_room_create_and_pricing" time="0.232" /><testcase classname="backend.tests.test_iteration2.TestMultiRoomQuotation" name="test_legacy_pax_still_works" time="0.163" /><testcase classname="backend.tests.test_iteration2.TestMultiRoomQuotation" name="test_pdf_with_multiroom" time="0.335" /><testcase classname="backend.tests.test_iteration2.TestPublicLink" name="test_public_link_creation" time="0.052" /><testcase classname="backend.tests.test_iteration2.TestPublicLink" name="test_get_public_quotation_no_auth" time="0.102" /><testcase classname="backend.tests.test_iteration2.TestPublicLink" name="test_invalid_token_404" time="0.171" /><testcase classname="backend.tests.test_iteration2.TestPublicLink" name="test_accept_marks_ganada" time="0.333" /><testcase classname="backend.tests.test_iteration2.TestPublicLink" name="test_revoke_public_link" time="0.427" /><testcase classname="backend.tests.test_iteration2.TestAIEndpoints" name="test_next_step" time="3.462" /><testcase classname="backend.tests.test_iteration2.TestAIEndpoints" name="test_missing_fields" time="3.179" /><testcase classname="backend.tests.test_iteration2.TestAIEndpoints" name="test_client_message" time="7.540" /><testcase classname="backend.tests.test_iteration2.TestAIEndpoints" name="test_chat_summary" time="2.447" /><testcase classname="backend.tests.test_iteration2.TestAIEndpoints" name="test_chat_summary_empty" time="0.052" /></testsuite></testsuites>