<?xml version="1.0" encoding="utf-8"?><testsuites name="pytest tests"><testsuite name="pytest" errors="0" failures="0" skipped="0" tests="6" time="2.128" timestamp="2026-07-15T23:58:43.027753+00:00" hostname="agent-env-94fb6841-fa3a-48ef-bf39-26584f17dfc6"><testcase classname="backend.tests.test_iteration49_lote_c.TestServiceCRUD" name="test_create_service" time="0.557" /><testcase classname="backend.tests.test_iteration49_lote_c.TestServiceCRUD" name="test_edit_service_patch" time="0.189" /><testcase classname="backend.tests.test_iteration49_lote_c.TestServicePrivate" name="test_private_flag_and_public_exclusion" time="0.748" /><testcase classname="backend.tests.test_iteration49_lote_c.TestBookingConfirmationDnDAndDates" name="test_save_services_order_and_dates_persist" time="0.301" /><testcase classname="backend.tests.test_iteration49_lote_c.TestBookingConfirmationDnDAndDates" name="test_pdf_download_200_and_dates_formatted" time="0.169" /><testcase classname="backend.tests.test_iteration49_lote_c.TestRegressionPackagePricing" name="test_paquete_ganada_prices_still_valid" time="0.049" /></testsuite></testsuites>