<?xml version="1.0" encoding="utf-8"?><testsuites name="pytest tests"><testsuite name="pytest" errors="0" failures="0" skipped="0" tests="5" time="1.263" timestamp="2026-07-15T19:54:25.503475+00:00" hostname="agent-env-d2293673-f6cd-4ae2-ac89-5179ba794b84"><testcase classname="backend.tests.test_iteration47_lote_a_ui" name="test_list_quotations_has_agent_name_and_traveler" time="0.534" /><testcase classname="backend.tests.test_iteration47_lote_a_ui" name="test_detail_has_agent_name" time="0.126" /><testcase classname="backend.tests.test_iteration47_lote_a_ui" name="test_booking_confirmation_get_prefill_when_not_saved" time="0.125" /><testcase classname="backend.tests.test_iteration47_lote_a_ui" name="test_booking_confirmation_requires_ganada" time="0.116" /><testcase classname="backend.tests.test_iteration47_lote_a_ui" name="test_booking_confirmation_pdf_generates" time="0.296" /></testsuite></testsuites>