<?xml version="1.0" encoding="utf-8"?><testsuites name="pytest tests"><testsuite name="pytest" errors="0" failures="0" skipped="0" tests="5" time="1.302" timestamp="2026-06-19T22:37:46.214380+00:00" hostname="agent-env-f8bf9f4e-126d-44eb-a5a8-e363f491a0ef"><testcase classname="backend.tests.test_iteration41_custom_concepts.TestClientById" name="test_get_client_by_id_includes_counts" time="0.597" /><testcase classname="backend.tests.test_iteration41_custom_concepts.TestClientById" name="test_get_client_404" time="0.042" /><testcase classname="backend.tests.test_iteration41_custom_concepts.TestExecutiveValidation" name="test_post_quotation_missing_executive_returns_400" time="0.042" /><testcase classname="backend.tests.test_iteration41_custom_concepts.TestExecutiveValidation" name="test_post_quotation_invalid_executive_returns_400" time="0.043" /><testcase classname="backend.tests.test_iteration41_custom_concepts.TestExecutiveValidation" name="test_post_quotation_valid_executive_creates" time="0.515" /></testsuite></testsuites>