<?xml version="1.0" encoding="utf-8"?><testsuites name="pytest tests"><testsuite name="pytest" errors="0" failures="1" skipped="0" tests="9" time="2.428" timestamp="2026-06-16T23:34:14.615493+00:00" hostname="agent-env-af37c92f-ff38-4ee0-93d6-d3c3602127c4"><testcase classname="backend.tests.test_iteration30_fase_c.TestCatalogAnalytics" name="test_requires_auth" time="0.140" /><testcase classname="backend.tests.test_iteration30_fase_c.TestCatalogAnalytics" name="test_analytics_month_shape" time="0.434" /><testcase classname="backend.tests.test_iteration30_fase_c.TestCatalogAnalytics" name="test_analytics_week_shape" time="0.061" /><testcase classname="backend.tests.test_iteration30_fase_c.TestViewTracking" name="test_views_increase_after_public_hits" time="0.824" /><testcase classname="backend.tests.test_iteration30_fase_c.TestOGShare" name="test_invalid_token_returns_html_200" time="0.110" /><testcase classname="backend.tests.test_iteration30_fase_c.TestOGShare" name="test_valid_token_has_tenant_og_and_refresh" time="0.230" /><testcase classname="backend.tests.test_iteration30_fase_c.TestFunnelLink" name="test_quotation_persists_from_request_and_analytics_includes" time="0.328" /><testcase classname="backend.tests.test_iteration30_fase_c.TestMultiHotelPublish" name="test_two_hospedaje_become_two_hotels" time="0.143"><failure message="AssertionError: {&quot;detail&quot;:[{&quot;type&quot;:&quot;missing&quot;,&quot;loc&quot;:[&quot;body&quot;],&quot;msg&quot;:&quot;Field required&quot;,&quot;input&quot;:null,&quot;url&quot;:&quot;https://errors.pydantic.dev/2.12/v/missing&quot;}]}&#10;assert 422 in (200, 201)&#10; +  where 422 = &lt;Response [422]&gt;.status_code">backend/tests/test_iteration30_fase_c.py:182: in test_two_hospedaje_become_two_hotels
    assert rp.status_code in (200, 201), rp.text
E   AssertionError: {"detail":[{"type":"missing","loc":["body"],"msg":"Field required","input":null,"url":"https://errors.pydantic.dev/2.12/v/missing"}]}
E   assert 422 in (200, 201)
E    +  where 422 = &lt;Response [422]&gt;.status_code</failure></testcase><testcase classname="backend.tests.test_iteration30_fase_c.TestResendTest" name="test_returns_400_when_not_configured" time="0.062" /></testsuite></testsuites>