<?xml version="1.0" encoding="utf-8"?><testsuites name="pytest tests"><testsuite name="pytest" errors="0" failures="0" skipped="0" tests="7" time="1.520" timestamp="2026-07-16T00:29:54.100339+00:00" hostname="agent-env-94fb6841-fa3a-48ef-bf39-26584f17dfc6"><testcase classname="backend.tests.test_iteration50_lote_d.TestClientsFavorites" name="test_list_clients_has_is_favorite_and_my_freq" time="0.549" /><testcase classname="backend.tests.test_iteration50_lote_d.TestClientsFavorites" name="test_toggle_favorite_persists" time="0.248" /><testcase classname="backend.tests.test_iteration50_lote_d.TestClientsFavorites" name="test_my_freq_matches_created_by_count" time="0.163" /><testcase classname="backend.tests.test_iteration50_lote_d.TestBookingItineraryPrefill" name="test_paquete_prefills_day_by_day" time="0.049" /><testcase classname="backend.tests.test_iteration50_lote_d.TestBookingItineraryPrefill" name="test_servicios_prefills_service_name_desc" time="0.050" /><testcase classname="backend.tests.test_iteration50_lote_d.TestBookingItineraryPrefill" name="test_personalizado_prefills_concept_desc" time="0.047" /><testcase classname="backend.tests.test_iteration50_lote_d.TestBookingItinerarySave" name="test_save_confirmation_persists_itinerary_and_pdf_ok" time="0.330" /></testsuite></testsuites>