<?xml version="1.0" encoding="utf-8"?><testsuites name="pytest tests"><testsuite name="pytest" errors="0" failures="0" skipped="0" tests="10" time="1.928" timestamp="2026-06-17T03:48:54.671396+00:00" hostname="agent-env-af37c92f-ff38-4ee0-93d6-d3c3602127c4"><testcase classname="backend.tests.test_iteration31_sales_stats" name="test_sales_stats_periods[week-7]" time="0.645" /><testcase classname="backend.tests.test_iteration31_sales_stats" name="test_sales_stats_periods[month-30]" time="0.046" /><testcase classname="backend.tests.test_iteration31_sales_stats" name="test_sales_stats_periods[quarter-13]" time="0.047" /><testcase classname="backend.tests.test_iteration31_sales_stats" name="test_sales_stats_periods[year-12]" time="0.052" /><testcase classname="backend.tests.test_iteration31_sales_stats" name="test_sales_stats_unauth" time="0.131" /><testcase classname="backend.tests.test_iteration31_sales_stats" name="test_sales_stats_forbidden_for_executive" time="0.377" /><testcase classname="backend.tests.test_iteration31_sales_stats" name="test_export_xlsx_valid_workbook" time="0.075" /><testcase classname="backend.tests.test_iteration31_sales_stats" name="test_export_forbidden_for_executive" time="0.045" /><testcase classname="backend.tests.test_iteration31_sales_stats" name="test_lost_reason_persistence_and_appears_in_stats" time="0.185" /><testcase classname="backend.tests.test_iteration31_sales_stats" name="test_catalog_analytics_regression" time="0.062" /></testsuite></testsuites>