<?xml version="1.0" encoding="utf-8"?><testsuites name="pytest tests"><testsuite name="pytest" errors="0" failures="0" skipped="0" tests="16" time="2.796" timestamp="2026-06-15T18:07:56.495275+00:00" hostname="agent-env-88c8d8d9-9e84-486c-9d18-9e0981c047f1"><testcase classname="backend.tests.test_iteration18.TestCatalogExport" name="test_export_admin_returns_xlsx_with_three_sheets" time="0.602" /><testcase classname="backend.tests.test_iteration18.TestCatalogExport" name="test_export_has_tenant_data" time="0.119" /><testcase classname="backend.tests.test_iteration18.TestCatalogExport" name="test_export_executive_forbidden" time="0.390" /><testcase classname="backend.tests.test_iteration18.TestWhatsAppLink" name="test_webhook_unauthorized_without_secret" time="0.113" /><testcase classname="backend.tests.test_iteration18.TestWhatsAppLink" name="test_chats_list_includes_injected" time="0.331" /><testcase classname="backend.tests.test_iteration18.TestWhatsAppLink" name="test_link_quotation_not_found" time="0.053" /><testcase classname="backend.tests.test_iteration18.TestWhatsAppLink" name="test_link_create_and_by_quotation" time="0.264" /><testcase classname="backend.tests.test_iteration18.TestWhatsAppLink" name="test_link_replace_on_same_quotation" time="0.054" /><testcase classname="backend.tests.test_iteration18.TestWhatsAppLink" name="test_unlink" time="0.113" /><testcase classname="backend.tests.test_iteration18.TestGmailOAuth" name="test_authorize_without_creds_returns_400" time="0.056" /><testcase classname="backend.tests.test_iteration18.TestGmailOAuth" name="test_patch_integrations_persists_gmail_creds" time="0.057" /><testcase classname="backend.tests.test_iteration18.TestGmailOAuth" name="test_authorize_with_creds_returns_google_url" time="0.051" /><testcase classname="backend.tests.test_iteration18.TestGmailOAuth" name="test_authorize_executive_forbidden" time="0.053" /><testcase classname="backend.tests.test_iteration18.TestGmailOAuth" name="test_callback_invalid_state_redirects_to_error" time="0.056" /><testcase classname="backend.tests.test_iteration18.TestGmailOAuth" name="test_disconnect_admin" time="0.053" /><testcase classname="backend.tests.test_iteration18.TestGmailOAuth" name="test_disconnect_executive_forbidden" time="0.064" /></testsuite></testsuites>