<?xml version="1.0" encoding="utf-8"?><testsuites name="pytest tests"><testsuite name="pytest" errors="0" failures="0" skipped="0" tests="17" time="3.148" timestamp="2026-06-18T15:34:52.422666+00:00" hostname="agent-env-dabe54dc-c5a0-44f7-b05b-028bea606dcc"><testcase classname="backend.tests.test_iteration35_phases.TestPhase3Excel" name="test_template_xlsx_has_required_sheets_and_columns" time="0.445" /><testcase classname="backend.tests.test_iteration35_phases.TestPhase3Excel" name="test_export_xlsx_ok" time="0.070" /><testcase classname="backend.tests.test_iteration35_phases.TestPhase3Excel" name="test_import_only_tours_does_not_affect_traslados" time="0.161" /><testcase classname="backend.tests.test_iteration35_phases.TestPhase3Excel" name="test_import_idempotent_upsert" time="0.111" /><testcase classname="backend.tests.test_iteration35_phases.TestPhase4Public" name="test_public_company_services_grouped" time="0.106" /><testcase classname="backend.tests.test_iteration35_phases.TestPhase4Public" name="test_public_conditions_endpoint" time="0.096" /><testcase classname="backend.tests.test_iteration35_phases.TestPhase5Subtitle" name="test_patch_subtitle_and_public_reflects" time="0.155" /><testcase classname="backend.tests.test_iteration35_phases.TestItem9Custom" name="test_custom_mixed_items_commission_only_on_publico[directo-True]" time="0.095" /><testcase classname="backend.tests.test_iteration35_phases.TestItem9Custom" name="test_custom_mixed_items_commission_only_on_publico[agencia-False]" time="0.092" /><testcase classname="backend.tests.test_iteration35_phases.TestItem9Custom" name="test_custom_mixed_items_commission_only_on_publico[mayorista-False]" time="0.095" /><testcase classname="backend.tests.test_iteration35_phases.TestItem9Custom" name="test_custom_mixed_items_commission_only_on_publico[operador-True]" time="0.092" /><testcase classname="backend.tests.test_iteration35_phases.TestItem10_11PDFAndPublicLink" name="test_pdf_paquete_returns_pdf_bytes" time="0.135" /><testcase classname="backend.tests.test_iteration35_phases.TestItem10_11PDFAndPublicLink" name="test_public_link_exposes_important_info_exec_occupancy_slug" time="0.453" /><testcase classname="backend.tests.test_iteration35_phases.TestItem12BookingConfirmation" name="test_save_and_fetch_confirmation" time="0.454" /><testcase classname="backend.tests.test_iteration35_phases.TestItem12BookingConfirmation" name="test_save_confirmation_requires_ganada" time="0.098" /><testcase classname="backend.tests.test_iteration35_phases.TestBankBranchReference" name="test_patch_bank_branch_and_reference" time="0.100" /><testcase classname="backend.tests.test_iteration35_phases.TestRegressionServicesOnly" name="test_services_only_agencia_commission_intacto" time="0.145" /></testsuite></testsuites>