<?xml version="1.0" encoding="utf-8"?><testsuites name="pytest tests"><testsuite name="pytest" errors="0" failures="0" skipped="0" tests="4" time="1.444" timestamp="2026-06-19T23:29:00.139114+00:00" hostname="agent-env-d2293673-f6cd-4ae2-ac89-5179ba794b84"><testcase classname="backend.tests.test_iteration42_hospedaje_breakdown" name="test_hospedaje_subtotal_qty_x_nights" time="0.497" /><testcase classname="backend.tests.test_iteration42_hospedaje_breakdown" name="test_hospedaje_qty_default_1_when_zero" time="0.094" /><testcase classname="backend.tests.test_iteration42_hospedaje_breakdown" name="test_public_link_and_pdf_contains_hospedaje_qty_nights" time="0.595" /><testcase classname="backend.tests.test_iteration42_hospedaje_breakdown" name="test_regression_servicios_pdf_still_works" time="0.196" /></testsuite></testsuites>