<?xml version="1.0" encoding="utf-8"?><testsuites name="pytest tests"><testsuite name="pytest" errors="0" failures="0" skipped="0" tests="7" time="2.826" timestamp="2026-08-12T22:09:38.984079+00:00" hostname="agent-env-24b7d350-d1ea-4797-90b3-f4bf46170732"><testcase classname="backend.tests.test_iteration66_multi_hotel_booking" name="test_fmt_date_produces_dd_mmm_aa" time="0.073" /><testcase classname="backend.tests.test_iteration66_multi_hotel_booking" name="test_personalizado_2_hotels_full_flow" time="0.967" /><testcase classname="backend.tests.test_iteration66_multi_hotel_booking" name="test_paquete_single_hotel_regression" time="0.446" /><testcase classname="backend.tests.test_iteration66_multi_hotel_booking" name="test_agent_from_agency_executive_not_created_by" time="0.310" /><testcase classname="backend.tests.test_iteration66_multi_hotel_booking" name="test_agent_direct_client_uses_client_data" time="0.306" /><testcase classname="backend.tests.test_iteration66_multi_hotel_booking" name="test_public_quotation_full_client_name" time="0.407" /><testcase classname="backend.tests.test_iteration66_multi_hotel_booking" name="test_quotation_pdf_still_ok" time="0.250" /></testsuite></testsuites>