<?xml version="1.0" encoding="utf-8"?><testsuites name="pytest tests"><testsuite name="pytest" errors="0" failures="0" skipped="0" tests="9" time="1.213" timestamp="2026-06-15T04:49:10.342387+00:00" hostname="agent-env-312198f2-4016-489f-8141-fa6326c54827"><testcase classname="backend.tests.test_iteration9_site_editor.TestPublic" name="test_public_returns_sections_and_pricing" time="0.277" /><testcase classname="backend.tests.test_iteration9_site_editor.TestAuth" name="test_get_settings_requires_super_admin" time="0.041" /><testcase classname="backend.tests.test_iteration9_site_editor.TestAuth" name="test_patch_requires_super_admin" time="0.044" /><testcase classname="backend.tests.test_iteration9_site_editor.TestAuth" name="test_publish_requires_super_admin" time="0.041" /><testcase classname="backend.tests.test_iteration9_site_editor.TestEditorFlow" name="test_get_super_returns_draft_and_published" time="0.409" /><testcase classname="backend.tests.test_iteration9_site_editor.TestEditorFlow" name="test_patch_reorder_hide_and_edit_pricing" time="0.045" /><testcase classname="backend.tests.test_iteration9_site_editor.TestEditorFlow" name="test_get_draft_persists" time="0.046" /><testcase classname="backend.tests.test_iteration9_site_editor.TestEditorFlow" name="test_publish_propagates_to_public" time="0.086" /><testcase classname="backend.tests.test_iteration9_site_editor.TestCleanup" name="test_restore_defaults" time="0.139" /></testsuite></testsuites>