<?xml version="1.0" encoding="utf-8"?><testsuites name="pytest tests"><testsuite name="pytest" errors="0" failures="0" skipped="0" tests="10" time="2.027" timestamp="2026-08-10T18:19:04.841349+00:00" hostname="agent-env-24b7d350-d1ea-4797-90b3-f4bf46170732"><testcase classname="backend.tests.test_iteration61_ai_followup_none_bug" name="test_unit_quotation_brief_handles_none_fields" time="0.248" /><testcase classname="backend.tests.test_iteration61_ai_followup_none_bug" name="test_follow_up_paquete_no_nonetype[prepay]" time="0.660" /><testcase classname="backend.tests.test_iteration61_ai_followup_none_bug" name="test_follow_up_paquete_no_nonetype[payment]" time="0.066" /><testcase classname="backend.tests.test_iteration61_ai_followup_none_bug" name="test_follow_up_paquete_no_nonetype[postsale]" time="0.072" /><testcase classname="backend.tests.test_iteration61_ai_followup_none_bug" name="test_follow_up_servicios_no_nonetype[prepay]" time="0.204" /><testcase classname="backend.tests.test_iteration61_ai_followup_none_bug" name="test_follow_up_servicios_no_nonetype[payment]" time="0.067" /><testcase classname="backend.tests.test_iteration61_ai_followup_none_bug" name="test_follow_up_servicios_no_nonetype[postsale]" time="0.076" /><testcase classname="backend.tests.test_iteration61_ai_followup_none_bug" name="test_follow_up_personalizado_no_nonetype[prepay]" time="0.136" /><testcase classname="backend.tests.test_iteration61_ai_followup_none_bug" name="test_follow_up_personalizado_no_nonetype[payment]" time="0.072" /><testcase classname="backend.tests.test_iteration61_ai_followup_none_bug" name="test_follow_up_personalizado_no_nonetype[postsale]" time="0.352" /></testsuite></testsuites>