<?xml version="1.0" encoding="utf-8"?><testsuites name="pytest tests"><testsuite name="pytest" errors="0" failures="0" skipped="0" tests="9" time="2.412" timestamp="2026-06-17T04:05:55.611322+00:00" hostname="agent-env-af37c92f-ff38-4ee0-93d6-d3c3602127c4"><testcase classname="backend.tests.test_iteration32_api.TestSalesReportConfig" name="test_get_returns_report_fields" time="0.567" /><testcase classname="backend.tests.test_iteration32_api.TestSalesReportConfig" name="test_patch_weekly_persists" time="0.107" /><testcase classname="backend.tests.test_iteration32_api.TestSalesReportConfig" name="test_patch_monthly_persists" time="0.113" /><testcase classname="backend.tests.test_iteration32_api.TestManualReportTrigger" name="test_admin_send_report_graceful" time="0.075" /><testcase classname="backend.tests.test_iteration32_api.TestManualReportTrigger" name="test_executive_forbidden" time="0.384" /><testcase classname="backend.tests.test_iteration32_api.TestMultiCurrencyPublic" name="test_public_quotation_multicurrency_flip" time="0.738" /><testcase classname="backend.tests.test_iteration32_api.TestEmailRegression" name="test_test_resend_without_key_returns_400" time="0.058" /><testcase classname="backend.tests.test_iteration32_api.TestEmailRegression" name="test_stats_sales_still_works" time="0.054" /><testcase classname="backend.tests.test_iteration32_api.TestEmailRegression" name="test_stats_sales_export_still_works" time="0.247" /></testsuite></testsuites>