<?xml version="1.0" encoding="utf-8"?><testsuites name="pytest tests"><testsuite name="pytest" errors="0" failures="0" skipped="0" tests="20" time="7.031" timestamp="2026-06-15T12:15:08.875140+00:00" hostname="agent-env-312198f2-4016-489f-8141-fa6326c54827"><testcase classname="backend.tests.test_fase_d" name="test_modular_routers_still_serve" time="0.689" /><testcase classname="backend.tests.test_fase_d" name="test_theme_persists_and_public_exposes_it" time="0.580" /><testcase classname="backend.tests.test_fase_d" name="test_affiliates_section_reconciled" time="0.101" /><testcase classname="backend.tests.test_fase_d" name="test_run_reminders_endpoint" time="0.048" /><testcase classname="backend.tests.test_fase_d" name="test_reminders_requires_super_admin" time="0.044" /><testcase classname="backend.tests.test_iteration11_fase_c" name="test_bank_integration_save_and_persist" time="0.441" /><testcase classname="backend.tests.test_iteration11_fase_c" name="test_public_quotation_exposes_bank_and_transfer" time="0.471" /><testcase classname="backend.tests.test_iteration11_fase_c" name="test_request_transfer_endpoint" time="0.103" /><testcase classname="backend.tests.test_iteration11_fase_c" name="test_mark_paid_partial_then_full" time="0.339" /><testcase classname="backend.tests.test_iteration11_fase_c" name="test_send_payment_link" time="0.145" /><testcase classname="backend.tests.test_iteration11_fase_c" name="test_public_accept_records_won_audit" time="0.340" /><testcase classname="backend.tests.test_iteration11_fase_c" name="test_metrics_audit" time="0.049" /><testcase classname="backend.tests.test_iteration11_fase_c" name="test_metrics_audit_forbidden_for_executive" time="0.417" /><testcase classname="backend.tests.test_iteration11_fase_c" name="test_servicios_quotation_public_link_renders" time="0.357" /><testcase classname="backend.tests.test_fase_b_quotations" name="test_servicios_quotation_lifecycle" time="0.920" /><testcase classname="backend.tests.test_fase_b_quotations" name="test_won_audit_on_state_change" time="0.290" /><testcase classname="backend.tests.test_iteration10_regression" name="test_package_quotation_with_pdf_and_public_link" time="0.640" /><testcase classname="backend.tests.test_iteration10_regression" name="test_audit_log_visible_to_admin" time="0.050" /><testcase classname="backend.tests.test_iteration10_regression" name="test_audit_log_blocked_for_executive" time="0.407" /><testcase classname="backend.tests.test_iteration10_regression" name="test_archived_filter_excludes_default" time="0.473" /></testsuite></testsuites>