<?xml version="1.0" encoding="utf-8"?><testsuites name="pytest tests"><testsuite name="pytest" errors="0" failures="0" skipped="0" tests="9" time="1.959" timestamp="2026-06-16T03:53:19.126046+00:00" hostname="agent-env-55154d7f-0b66-468a-a224-1ba7e44a737d"><testcase classname="backend.tests.test_iteration26_templates.TestTemplatesCRUD" name="test_create_template_requires_items" time="0.518" /><testcase classname="backend.tests.test_iteration26_templates.TestTemplatesCRUD" name="test_create_template_direct" time="0.123" /><testcase classname="backend.tests.test_iteration26_templates.TestTemplatesCRUD" name="test_list_templates" time="0.045" /><testcase classname="backend.tests.test_iteration26_templates.TestTemplatesCRUD" name="test_delete_template" time="0.204" /><testcase classname="backend.tests.test_iteration26_templates.TestSaveAsTemplate" name="test_save_quotation_as_template" time="0.138" /><testcase classname="backend.tests.test_iteration26_templates.TestSaveAsTemplate" name="test_save_paquete_quotation_as_template_rejected" time="0.125" /><testcase classname="backend.tests.test_iteration26_templates.TestSaveAsPackage" name="test_executive_cannot_save_as_package" time="0.370" /><testcase classname="backend.tests.test_iteration26_templates.TestSaveAsPackage" name="test_admin_saves_as_package_with_prefilled_hotel" time="0.123" /><testcase classname="backend.tests.test_iteration26_templates.TestSaveAsPackage" name="test_save_as_package_unique_code" time="0.253" /></testsuite></testsuites>