<?xml version="1.0" encoding="utf-8"?><testsuites name="pytest tests"><testsuite name="pytest" errors="0" failures="0" skipped="0" tests="5" time="4.650" timestamp="2026-06-15T14:20:26.910685+00:00" hostname="agent-env-88c8d8d9-9e84-486c-9d18-9e0981c047f1"><testcase classname="backend.tests.test_iteration15_signup_hardening.TestHoneypot" name="test_honeypot_returns_ok_but_does_not_insert" time="0.266" /><testcase classname="backend.tests.test_iteration15_signup_hardening.TestHoneypot" name="test_empty_website_works_normally" time="0.331" /><testcase classname="backend.tests.test_iteration15_signup_hardening.TestCaptchaBypass" name="test_signup_works_without_turnstile_token" time="0.335" /><testcase classname="backend.tests.test_iteration15_signup_hardening.TestRateLimit" name="test_5_ok_6th_429_other_ip_ok" time="2.281" /><testcase classname="backend.tests.test_iteration15_signup_hardening.TestHistory" name="test_approve_reject_and_history_filters" time="1.362" /></testsuite></testsuites>