<?xml version="1.0" encoding="utf-8"?><testsuites name="pytest tests"><testsuite name="pytest" errors="0" failures="0" skipped="0" tests="7" time="2.093" timestamp="2026-06-15T16:31:40.218102+00:00" hostname="agent-env-88c8d8d9-9e84-486c-9d18-9e0981c047f1"><testcase classname="backend.tests.test_iteration17_catalog_excel_stripe.TestTemplate" name="test_admin_downloads_xlsx_template_4_sheets" time="0.514" /><testcase classname="backend.tests.test_iteration17_catalog_excel_stripe.TestTemplate" name="test_executive_template_403" time="0.407" /><testcase classname="backend.tests.test_iteration17_catalog_excel_stripe.TestImport" name="test_non_xlsx_returns_400" time="0.109" /><testcase classname="backend.tests.test_iteration17_catalog_excel_stripe.TestImport" name="test_executive_import_403" time="0.052" /><testcase classname="backend.tests.test_iteration17_catalog_excel_stripe.TestImport" name="test_admin_import_mixed_valid_and_invalid" time="0.202" /><testcase classname="backend.tests.test_iteration17_catalog_excel_stripe.TestStripeClear" name="test_set_and_clear_stripe_secret" time="0.135" /><testcase classname="backend.tests.test_iteration17_catalog_excel_stripe.TestStripeClear" name="test_executive_cannot_clear_stripe_secret" time="0.371" /></testsuite></testsuites>