<?xml version="1.0" encoding="utf-8"?><testsuites name="pytest tests"><testsuite name="pytest" errors="0" failures="0" skipped="0" tests="14" time="1.481" timestamp="2026-07-16T00:44:56.810849+00:00" hostname="agent-env-94fb6841-fa3a-48ef-bf39-26584f17dfc6"><testcase classname="backend.tests.test_iteration51_lote_e.TestStatsMonthPicker" name="test_stats_month_2026_06" time="0.387" /><testcase classname="backend.tests.test_iteration51_lote_e.TestStatsMonthPicker" name="test_stats_month_2026_02_28_buckets" time="0.049" /><testcase classname="backend.tests.test_iteration51_lote_e.TestStatsMonthPicker" name="test_stats_month_july_31" time="0.050" /><testcase classname="backend.tests.test_iteration51_lote_e.TestStatsMonthPicker" name="test_stats_period_month_still_works" time="0.053" /><testcase classname="backend.tests.test_iteration51_lote_e.TestStatsMonthPicker" name="test_stats_period_week" time="0.049" /><testcase classname="backend.tests.test_iteration51_lote_e.TestStatsExportMonth" name="test_export_month_xlsx" time="0.072" /><testcase classname="backend.tests.test_iteration51_lote_e.TestStatsExportMonth" name="test_export_period_still_works" time="0.069" /><testcase classname="backend.tests.test_iteration51_lote_e.TestQuotationsDateRange" name="test_quotations_month_range_2026_06" time="0.068" /><testcase classname="backend.tests.test_iteration51_lote_e.TestQuotationsDateRange" name="test_quotations_month_range_2026_07" time="0.048" /><testcase classname="backend.tests.test_iteration51_lote_e.TestQuotationsDateRange" name="test_quotations_no_range_returns_all" time="0.118" /><testcase classname="backend.tests.test_iteration51_lote_e.TestQuotationsDateRange" name="test_quotations_range_excludes_out_of_month" time="0.050" /><testcase classname="backend.tests.test_iteration51_lote_e.TestRegression" name="test_get_service_by_id" time="0.091" /><testcase classname="backend.tests.test_iteration51_lote_e.TestRegression" name="test_booking_confirmation_has_itinerary" time="0.096" /><testcase classname="backend.tests.test_iteration51_lote_e.TestRegression" name="test_pricing_engine_not_broken" time="0.054" /></testsuite></testsuites>