<?xml version="1.0" encoding="utf-8"?><testsuites name="pytest tests"><testsuite name="pytest" errors="0" failures="1" skipped="1" tests="12" time="2.605" timestamp="2026-06-16T22:22:56.019382+00:00" hostname="agent-env-55154d7f-0b66-468a-a224-1ba7e44a737d"><testcase classname="backend.tests.test_iteration29_fase_b.TestClientsCRUD" name="test_list_clients_with_stats" time="0.527" /><testcase classname="backend.tests.test_iteration29_fase_b.TestClientsCRUD" name="test_create_patch_delete_client" time="0.348" /><testcase classname="backend.tests.test_iteration29_fase_b.TestClientsCRUD" name="test_patch_unknown_client_404" time="0.061" /><testcase classname="backend.tests.test_iteration29_fase_b.TestUserDeleteAndWorkload" name="test_workload_admin_ok" time="0.095" /><testcase classname="backend.tests.test_iteration29_fase_b.TestUserDeleteAndWorkload" name="test_workload_executive_forbidden" time="0.483" /><testcase classname="backend.tests.test_iteration29_fase_b.TestUserDeleteAndWorkload" name="test_admin_cannot_delete_self" time="0.091"><failure message="AssertionError: {&quot;detail&quot;:&quot;No puedes eliminar a un administrador&quot;}&#10;assert 403 == 400&#10; +  where 403 = &lt;Response [403]&gt;.status_code">backend/tests/test_iteration29_fase_b.py:148: in test_admin_cannot_delete_self
    assert r.status_code == 400, r.text
E   AssertionError: {"detail":"No puedes eliminar a un administrador"}
E   assert 403 == 400
E    +  where 403 = &lt;Response [403]&gt;.status_code</failure></testcase><testcase classname="backend.tests.test_iteration29_fase_b.TestUserDeleteAndWorkload" name="test_admin_cannot_delete_other_admin" time="0.097"><skipped type="pytest.skip" message="Only one admin in tenant, cannot test cross-admin deletion">/app/backend/tests/test_iteration29_fase_b.py:156: Only one admin in tenant, cannot test cross-admin deletion</skipped></testcase><testcase classname="backend.tests.test_iteration29_fase_b.TestUserDeleteAndWorkload" name="test_executive_cannot_delete_user" time="0.101" /><testcase classname="backend.tests.test_iteration29_fase_b.TestUserDeleteAndWorkload" name="test_create_delete_executive_with_reassign" time="0.417" /><testcase classname="backend.tests.test_iteration29_fase_b.TestAIPresentationTone" name="test_ai_presentation_tone_503_when_byok_missing[formal]" time="0.100" /><testcase classname="backend.tests.test_iteration29_fase_b.TestAIPresentationTone" name="test_ai_presentation_tone_503_when_byok_missing[cercano]" time="0.102" /><testcase classname="backend.tests.test_iteration29_fase_b.TestAIPresentationTone" name="test_ai_presentation_tone_503_when_byok_missing[premium]" time="0.100" /></testsuite></testsuites>