<?xml version="1.0" encoding="utf-8"?><testsuites name="pytest tests"><testsuite name="pytest" errors="0" failures="0" skipped="0" tests="13" time="7.029" timestamp="2026-06-15T02:52:02.220148+00:00" hostname="agent-env-a5652357-3f10-475d-9a07-c613eb7dacff"><testcase classname="backend.tests.test_iteration3_services" name="test_services_list_seeded" time="0.484" /><testcase classname="backend.tests.test_iteration3_services" name="test_create_service_auto_public_price" time="0.456" /><testcase classname="backend.tests.test_iteration3_services" name="test_create_service_explicit_public_price" time="0.368" /><testcase classname="backend.tests.test_iteration3_services" name="test_patch_service_recomputes_public_on_net_change" time="0.487" /><testcase classname="backend.tests.test_iteration3_services" name="test_delete_service" time="0.450" /><testcase classname="backend.tests.test_iteration3_services" name="test_executive_can_list_services" time="0.365" /><testcase classname="backend.tests.test_iteration3_services" name="test_executive_cannot_create_service" time="0.361" /><testcase classname="backend.tests.test_iteration3_services" name="test_executive_cannot_patch_service" time="0.724" /><testcase classname="backend.tests.test_iteration3_services" name="test_executive_cannot_delete_service" time="0.766" /><testcase classname="backend.tests.test_iteration3_services" name="test_quotation_with_services_items_and_total" time="0.498" /><testcase classname="backend.tests.test_iteration3_services" name="test_patch_quotation_services_recomputes" time="0.607" /><testcase classname="backend.tests.test_iteration3_services" name="test_pdf_with_services" time="0.687" /><testcase classname="backend.tests.test_iteration3_services" name="test_public_link_with_services" time="0.648" /></testsuite></testsuites>