<?xml version="1.0" encoding="utf-8"?><testsuites name="pytest tests"><testsuite name="pytest" errors="0" failures="0" skipped="0" tests="12" time="1.947" timestamp="2026-07-06T18:28:24.743449+00:00" hostname="agent-env-d2293673-f6cd-4ae2-ac89-5179ba794b84"><testcase classname="backend.tests.test_iteration46_services_pub_detail" name="test_01_create_service_fields_persist" time="0.481" /><testcase classname="backend.tests.test_iteration46_services_pub_detail" name="test_02_update_all_days_clears_operating_days" time="0.052" /><testcase classname="backend.tests.test_iteration46_services_pub_detail" name="test_03_update_specific_days" time="0.099" /><testcase classname="backend.tests.test_iteration46_services_pub_detail" name="test_04_public_services_includes_id" time="0.130" /><testcase classname="backend.tests.test_iteration46_services_pub_detail" name="test_05_public_service_detail_ok" time="0.111" /><testcase classname="backend.tests.test_iteration46_services_pub_detail" name="test_06_public_service_detail_404" time="0.157" /><testcase classname="backend.tests.test_iteration46_services_pub_detail" name="test_07_public_service_request_creates_lead" time="0.250" /><testcase classname="backend.tests.test_iteration46_services_pub_detail" name="test_08_public_service_request_honeypot" time="0.171" /><testcase classname="backend.tests.test_iteration46_services_pub_detail" name="test_09_public_service_request_bad_email" time="0.134" /><testcase classname="backend.tests.test_iteration46_services_pub_detail" name="test_10_public_package_still_works" time="0.107" /><testcase classname="backend.tests.test_iteration46_services_pub_detail" name="test_11_catalog_export_still_works" time="0.068" /><testcase classname="backend.tests.test_iteration46_services_pub_detail" name="test_12_upload_image_endpoint" time="0.100" /></testsuite></testsuites>