<?xml version="1.0" encoding="utf-8"?><testsuites name="pytest tests"><testsuite name="pytest" errors="0" failures="0" skipped="0" tests="8" time="1.861" timestamp="2026-07-15T20:31:53.503870+00:00" hostname="agent-env-d2293673-f6cd-4ae2-ac89-5179ba794b84"><testcase classname="backend.tests.test_iteration48_lote_b.TestBookingExecutive" name="test_prefill_uses_real_user_as_agent" time="0.575" /><testcase classname="backend.tests.test_iteration48_lote_b.TestBookingExecutive" name="test_pdf_shows_executive_email_and_company" time="0.328" /><testcase classname="backend.tests.test_iteration48_lote_b.TestMarkPaidMethodDate" name="test_mark_paid_saves_method_and_date" time="0.235" /><testcase classname="backend.tests.test_iteration48_lote_b.TestAddExecutiveOnTheFly" name="test_patch_client_appends_executive" time="0.152" /><testcase classname="backend.tests.test_iteration48_lote_b.TestQuotationPdfPackageName" name="test_paquete_pdf_contains_package_name" time="0.149" /><testcase classname="backend.tests.test_iteration48_lote_b.TestQuotationPdfPackageName" name="test_servicios_pdf_no_paquete_row" time="0.138" /><testcase classname="backend.tests.test_iteration48_lote_b.TestPackagePricingRegression" name="test_paquete_totals_consistent" time="0.052" /><testcase classname="backend.tests.test_iteration48_lote_b.TestSignupNotBroken" name="test_signup_endpoint_reachable_returns_400_or_similar" time="0.128" /></testsuite></testsuites>