<?xml version="1.0" encoding="utf-8"?><testsuites name="pytest tests"><testsuite name="pytest" errors="0" failures="0" skipped="0" tests="5" time="1.476" timestamp="2026-06-19T22:15:13.412235+00:00" hostname="agent-env-f8bf9f4e-126d-44eb-a5a8-e363f491a0ef"><testcase classname="backend.tests.test_iteration40_fase_b" name="test_list_clients_includes_executives_count" time="0.475" /><testcase classname="backend.tests.test_iteration40_fase_b" name="test_update_client_executives_persist" time="0.149" /><testcase classname="backend.tests.test_iteration40_fase_b" name="test_quotation_pdf_includes_agency_and_phone" time="0.294" /><testcase classname="backend.tests.test_iteration40_fase_b" name="test_public_payload_exposes_contacts" time="0.272" /><testcase classname="backend.tests.test_iteration40_fase_b" name="test_booking_confirmation_prefill" time="0.199" /></testsuite></testsuites>