<?xml version="1.0" encoding="utf-8"?><testsuites name="pytest tests"><testsuite name="pytest" errors="0" failures="0" skipped="0" tests="14" time="1.713" timestamp="2026-06-15T12:47:30.316033+00:00" hostname="agent-env-88c8d8d9-9e84-486c-9d18-9e0981c047f1"><testcase classname="backend.tests.test_iteration13_plans_smtp.TestPlans" name="test_list_companies_has_plan_field" time="0.402" /><testcase classname="backend.tests.test_iteration13_plans_smtp.TestPlans" name="test_apply_starter_plan" time="0.104" /><testcase classname="backend.tests.test_iteration13_plans_smtp.TestPlans" name="test_apply_enterprise_plan" time="0.047" /><testcase classname="backend.tests.test_iteration13_plans_smtp.TestPlans" name="test_per_field_override" time="0.050" /><testcase classname="backend.tests.test_iteration13_plans_smtp.TestPlans" name="test_non_master_cannot_change_plan" time="0.375" /><testcase classname="backend.tests.test_iteration13_plans_smtp.TestExecLimit" name="test_invite_blocked_when_limit_reached" time="0.090" /><testcase classname="backend.tests.test_iteration13_plans_smtp.TestExecLimit" name="test_invite_allowed_with_capacity" time="0.097" /><testcase classname="backend.tests.test_iteration13_plans_smtp.TestSMTP" name="test_get_integrations_has_smtp_fields" time="0.046" /><testcase classname="backend.tests.test_iteration13_plans_smtp.TestSMTP" name="test_patch_integrations_persists_smtp" time="0.091" /><testcase classname="backend.tests.test_iteration13_plans_smtp.TestSMTP" name="test_patch_integrations_empty_password_does_not_overwrite" time="0.091" /><testcase classname="backend.tests.test_iteration13_plans_smtp.TestSMTP" name="test_test_smtp_missing_password_returns_400" time="0.045" /><testcase classname="backend.tests.test_iteration13_plans_smtp.TestSMTP" name="test_test_smtp_bad_host_returns_400" time="0.116" /><testcase classname="backend.tests.test_iteration13_plans_smtp.TestZRestore" name="test_restore_pro_plan" time="0.049" /><testcase classname="backend.tests.test_iteration13_plans_smtp.TestZRestore" name="test_restore_email_provider" time="0.047" /></testsuite></testsuites>