<?xml version="1.0" encoding="utf-8"?><testsuites name="pytest tests"><testsuite name="pytest" errors="0" failures="0" skipped="0" tests="13" time="2.138" timestamp="2026-06-16T00:27:02.530669+00:00" hostname="agent-env-55154d7f-0b66-468a-a224-1ba7e44a737d"><testcase classname="backend.tests.test_iteration25_custom_policy.TestPublicConfig" name="test_public_config_demo_credentials_false" time="0.277" /><testcase classname="backend.tests.test_iteration25_custom_policy.TestCancellationPolicy" name="test_get_policy_initial" time="0.405" /><testcase classname="backend.tests.test_iteration25_custom_policy.TestCancellationPolicy" name="test_patch_policy_sanitizes_html" time="0.063" /><testcase classname="backend.tests.test_iteration25_custom_policy.TestCancellationPolicy" name="test_companies_me_returns_policy" time="0.049" /><testcase classname="backend.tests.test_iteration25_custom_policy.TestCancellationPolicy" name="test_executive_cannot_patch_policy" time="0.378" /><testcase classname="backend.tests.test_iteration25_custom_policy.TestCustomQuotation" name="test_create_custom_quotation" time="0.156" /><testcase classname="backend.tests.test_iteration25_custom_policy.TestCustomQuotation" name="test_get_custom_quotation" time="0.054" /><testcase classname="backend.tests.test_iteration25_custom_policy.TestCustomQuotation" name="test_patch_custom_quotation_recalculates" time="0.053" /><testcase classname="backend.tests.test_iteration25_custom_policy.TestCustomQuotation" name="test_patch_custom_title_updates_snapshot" time="0.049" /><testcase classname="backend.tests.test_iteration25_custom_policy.TestCustomQuotation" name="test_custom_quotation_pdf" time="0.073" /><testcase classname="backend.tests.test_iteration25_custom_policy.TestCustomQuotation" name="test_public_quotation_returns_custom_data" time="0.263" /><testcase classname="backend.tests.test_iteration25_custom_policy.TestRegression" name="test_create_paquete_quotation" time="0.120" /><testcase classname="backend.tests.test_iteration25_custom_policy.TestRegression" name="test_create_servicios_quotation" time="0.099" /></testsuite></testsuites>