<?xml version="1.0" encoding="utf-8"?><testsuites name="pytest tests"><testsuite name="pytest" errors="0" failures="0" skipped="0" tests="9" time="2.722" timestamp="2026-06-15T11:39:33.362183+00:00" hostname="agent-env-312198f2-4016-489f-8141-fa6326c54827"><testcase classname="backend.tests.test_iteration11_fase_c" name="test_bank_integration_save_and_persist" time="0.433" /><testcase classname="backend.tests.test_iteration11_fase_c" name="test_public_quotation_exposes_bank_and_transfer" time="0.395" /><testcase classname="backend.tests.test_iteration11_fase_c" name="test_request_transfer_endpoint" time="0.106" /><testcase classname="backend.tests.test_iteration11_fase_c" name="test_mark_paid_partial_then_full" time="0.343" /><testcase classname="backend.tests.test_iteration11_fase_c" name="test_send_payment_link" time="0.171" /><testcase classname="backend.tests.test_iteration11_fase_c" name="test_public_accept_records_won_audit" time="0.317" /><testcase classname="backend.tests.test_iteration11_fase_c" name="test_metrics_audit" time="0.045" /><testcase classname="backend.tests.test_iteration11_fase_c" name="test_metrics_audit_forbidden_for_executive" time="0.394" /><testcase classname="backend.tests.test_iteration11_fase_c" name="test_servicios_quotation_public_link_renders" time="0.431" /></testsuite></testsuites>