<?xml version="1.0" encoding="utf-8"?><testsuites name="pytest tests"><testsuite name="pytest" errors="0" failures="0" skipped="0" tests="16" time="0.494" timestamp="2026-08-10T20:25:15.305627+00:00" hostname="agent-env-24b7d350-d1ea-4797-90b3-f4bf46170732"><testcase classname="backend.tests.test_iteration63_internal_recipient.TestRecipientUnit" name="test_a_created_by_with_email_beats_notify_email" time="0.000" /><testcase classname="backend.tests.test_iteration63_internal_recipient.TestRecipientUnit" name="test_b_created_by_no_email_falls_back_to_assigned_to" time="0.000" /><testcase classname="backend.tests.test_iteration63_internal_recipient.TestRecipientUnit" name="test_b2_created_by_missing_user_falls_back_to_assigned_to" time="0.000" /><testcase classname="backend.tests.test_iteration63_internal_recipient.TestRecipientUnit" name="test_c_no_executives_falls_back_to_notify_email" time="0.000" /><testcase classname="backend.tests.test_iteration63_internal_recipient.TestRecipientUnit" name="test_c2_executives_without_email_falls_back_to_notify_email" time="0.000" /><testcase classname="backend.tests.test_iteration63_internal_recipient.TestRecipientUnit" name="test_d_no_notify_email_falls_back_to_contact_email" time="0.000" /><testcase classname="backend.tests.test_iteration63_internal_recipient.TestRecipientUnit" name="test_d2_no_recipient_at_all" time="0.000" /><testcase classname="backend.tests.test_iteration63_internal_recipient.TestRecipientUnit" name="test_critical_notify_email_ignored_when_created_by_has_email" time="0.000" /><testcase classname="backend.tests.test_iteration63_internal_recipient.TestNotifyEndToEnd" name="test_acceptance_goes_to_created_by" time="0.145" /><testcase classname="backend.tests.test_iteration63_internal_recipient.TestNotifyEndToEnd" name="test_payment_goes_to_created_by" time="0.005" /><testcase classname="backend.tests.test_iteration63_internal_recipient.TestNotifyEndToEnd" name="test_falls_back_to_assigned_to_when_creator_has_no_email" time="0.005" /><testcase classname="backend.tests.test_iteration63_internal_recipient.TestNotifyEndToEnd" name="test_falls_back_to_notify_email_when_no_exec_has_email" time="0.005" /><testcase classname="backend.tests.test_iteration63_internal_recipient.TestNotifyEndToEnd" name="test_falls_back_to_contact_email_when_no_notify" time="0.005" /><testcase classname="backend.tests.test_iteration63_internal_recipient.TestRegressionIter62Independent" name="test_functions_are_distinct" time="0.001" /><testcase classname="backend.tests.test_iteration63_internal_recipient.TestRegressionIter62Independent" name="test_resolve_client_email_still_uses_executive_id" time="0.000" /><testcase classname="backend.tests.test_iteration63_internal_recipient.TestRegressionIter62Independent" name="test_recipient_does_not_use_executive_id" time="0.000" /></testsuite></testsuites>