<?xml version="1.0" encoding="utf-8"?><testsuites name="pytest tests"><testsuite name="pytest" errors="0" failures="0" skipped="0" tests="6" time="1.509" timestamp="2026-06-19T23:58:59.400342+00:00" hostname="agent-env-d2293673-f6cd-4ae2-ac89-5179ba794b84"><testcase classname="backend.tests.test_iteration43_custom_2level_clients" name="test_custom_company_with_execs_missing_executive_returns_400" time="0.422" /><testcase classname="backend.tests.test_iteration43_custom_2level_clients" name="test_custom_company_with_execs_creates_with_executive" time="0.474" /><testcase classname="backend.tests.test_iteration43_custom_2level_clients" name="test_custom_directo_client_creates_without_contacts" time="0.168" /><testcase classname="backend.tests.test_iteration43_custom_2level_clients" name="test_custom_agencia_without_execs_legacy_contacts" time="0.214" /><testcase classname="backend.tests.test_iteration43_custom_2level_clients" name="test_regression_paquete_and_servicios_require_executive[paquete]" time="0.107" /><testcase classname="backend.tests.test_iteration43_custom_2level_clients" name="test_regression_paquete_and_servicios_require_executive[servicios]" time="0.045" /></testsuite></testsuites>