<?xml version="1.0" encoding="utf-8"?><testsuites name="pytest tests"><testsuite name="pytest" errors="0" failures="0" skipped="0" tests="4" time="1.781" timestamp="2026-06-15T05:16:58.496077+00:00" hostname="agent-env-312198f2-4016-489f-8141-fa6326c54827"><testcase classname="backend.tests.test_iteration10_regression" name="test_package_quotation_with_pdf_and_public_link" time="0.676" /><testcase classname="backend.tests.test_iteration10_regression" name="test_audit_log_visible_to_admin" time="0.042" /><testcase classname="backend.tests.test_iteration10_regression" name="test_audit_log_blocked_for_executive" time="0.570" /><testcase classname="backend.tests.test_iteration10_regression" name="test_archived_filter_excludes_default" time="0.410" /></testsuite></testsuites>