<?xml version="1.0" encoding="utf-8"?><testsuites name="pytest tests"><testsuite name="pytest" errors="0" failures="1" skipped="0" tests="14" time="1.921" timestamp="2026-07-16T23:11:09.353426+00:00" hostname="agent-env-94fb6841-fa3a-48ef-bf39-26584f17dfc6"><testcase classname="backend.tests.test_iteration52_lote_fgh.TestShareOG" name="test_share_q_has_og_with_company" time="0.639" /><testcase classname="backend.tests.test_iteration52_lote_fgh.TestShareOG" name="test_share_q_invalid_token_generic" time="0.114" /><testcase classname="backend.tests.test_iteration52_lote_fgh.TestShareOG" name="test_share_r_confirmation_og" time="0.218" /><testcase classname="backend.tests.test_iteration52_lote_fgh.TestShareOG" name="test_share_r_invalid_generic" time="0.106" /><testcase classname="backend.tests.test_iteration52_lote_fgh.TestWhatsAppChats" name="test_list_chats_structure" time="0.052" /><testcase classname="backend.tests.test_iteration52_lote_fgh.TestWhatsAppChats" name="test_hide_chat_persists" time="0.094" /><testcase classname="backend.tests.test_iteration52_lote_fgh.TestAIFollowUp" name="test_follow_up_prepay_503_byok" time="0.053" /><testcase classname="backend.tests.test_iteration52_lote_fgh.TestAIFollowUp" name="test_follow_up_postsale_503_byok" time="0.049" /><testcase classname="backend.tests.test_iteration52_lote_fgh.TestAIFollowUp" name="test_send_message_returns_to_email" time="0.051" /><testcase classname="backend.tests.test_iteration52_lote_fgh.TestQuotationHistoryDiff" name="test_edit_single_field_notes_shows_only_notas" time="0.100" /><testcase classname="backend.tests.test_iteration52_lote_fgh.TestQuotationHistoryDiff" name="test_edit_same_value_no_history" time="0.144" /><testcase classname="backend.tests.test_iteration52_lote_fgh.TestQuotationHistoryDiff" name="test_presentation_text_translated" time="0.096"><failure message="AssertionError: esperaba 'texto de presentación' en: Editó: presentation_text&#10;assert 'texto de presentación' in 'Editó: presentation_text'">backend/tests/test_iteration52_lote_fgh.py:216: in test_presentation_text_translated
    assert "texto de presentación" in detail, f"esperaba 'texto de presentación' en: {detail}"
E   AssertionError: esperaba 'texto de presentación' en: Editó: presentation_text
E   assert 'texto de presentación' in 'Editó: presentation_text'</failure></testcase><testcase classname="backend.tests.test_iteration52_lote_fgh.TestPricingRegression" name="test_paquete_subtotal_plus_commission_equals_total" time="0.049" /><testcase classname="backend.tests.test_iteration52_lote_fgh.TestPricingRegression" name="test_custom_invariant" time="0.048" /></testsuite></testsuites>