<?xml version="1.0" encoding="utf-8"?><testsuites name="pytest tests"><testsuite name="pytest" errors="0" failures="0" skipped="0" tests="12" time="3.453" timestamp="2026-06-15T03:15:31.800823+00:00" hostname="agent-env-a5652357-3f10-475d-9a07-c613eb7dacff"><testcase classname="backend.tests.test_iteration4_payments.TestExchangeRate" name="test_exchange_rate_public" time="0.325" /><testcase classname="backend.tests.test_iteration4_payments.TestIntegrations" name="test_get_integrations_admin" time="0.373" /><testcase classname="backend.tests.test_iteration4_payments.TestIntegrations" name="test_get_integrations_executive_forbidden" time="0.375" /><testcase classname="backend.tests.test_iteration4_payments.TestIntegrations" name="test_patch_integrations_admin" time="0.045" /><testcase classname="backend.tests.test_iteration4_payments.TestIntegrations" name="test_patch_integrations_masked_secret_not_wiped" time="0.212" /><testcase classname="backend.tests.test_iteration4_payments.TestIntegrations" name="test_patch_integrations_executive_forbidden" time="0.044" /><testcase classname="backend.tests.test_iteration4_payments.TestPricingAdjust" name="test_apply_percent_discount" time="0.101" /><testcase classname="backend.tests.test_iteration4_payments.TestPricingAdjust" name="test_apply_fixed_discount" time="0.046" /><testcase classname="backend.tests.test_iteration4_payments.TestPricingAdjust" name="test_reset_discount" time="0.048" /><testcase classname="backend.tests.test_iteration4_payments.TestPublicQuotation" name="test_public_get_returns_payment_block" time="0.168" /><testcase classname="backend.tests.test_iteration4_payments.TestPublicQuotation" name="test_public_checkout_total" time="1.011" /><testcase classname="backend.tests.test_iteration4_payments.TestPublicQuotation" name="test_public_checkout_deposit" time="0.640" /></testsuite></testsuites>