<?xml version="1.0" encoding="utf-8"?><testsuites name="pytest tests"><testsuite name="pytest" errors="0" failures="0" skipped="0" tests="4" time="0.936" timestamp="2026-06-15T04:14:01.873756+00:00" hostname="agent-env-a5652357-3f10-475d-9a07-c613eb7dacff"><testcase classname="backend.tests.test_iteration7_v14.TestPackageAllowedDays" name="test_some_package_has_allowed_start_days" time="0.397" /><testcase classname="backend.tests.test_iteration7_v14.TestServiceUnit" name="test_services_have_unit_field" time="0.049" /><testcase classname="backend.tests.test_iteration7_v14.TestQuotationExtraNights" name="test_create_quotation_with_extra_nights" time="0.103" /><testcase classname="backend.tests.test_iteration7_v14.TestQuotationExtraNights" name="test_public_endpoint_returns_usd_equivalent" time="0.316" /></testsuite></testsuites>