<?xml version="1.0" encoding="utf-8"?><testsuites name="pytest tests"><testsuite name="pytest" errors="0" failures="0" skipped="0" tests="7" time="2.049" timestamp="2026-06-19T03:48:10.352492+00:00" hostname="agent-env-f8bf9f4e-126d-44eb-a5a8-e363f491a0ef"><testcase classname="backend.tests.test_iteration37_pdf_public_unified" name="test_exec_pdf_package" time="0.714" /><testcase classname="backend.tests.test_iteration37_pdf_public_unified" name="test_exec_pdf_custom" time="0.118" /><testcase classname="backend.tests.test_iteration37_pdf_public_unified" name="test_admin_pdf_package" time="0.449" /><testcase classname="backend.tests.test_iteration37_pdf_public_unified" name="test_admin_pdf_custom" time="0.126" /><testcase classname="backend.tests.test_iteration37_pdf_public_unified" name="test_public_custom_loads_and_has_items" time="0.323" /><testcase classname="backend.tests.test_iteration37_pdf_public_unified" name="test_public_custom_has_itinerary_top_level" time="0.119" /><testcase classname="backend.tests.test_iteration37_pdf_public_unified" name="test_public_package_no_show_all_has_empty_occupancy" time="0.142" /></testsuite></testsuites>