<?xml version="1.0" encoding="utf-8"?><testsuites name="pytest tests"><testsuite name="pytest" errors="0" failures="0" skipped="0" tests="3" time="2.137" timestamp="2026-06-15T03:16:21.272127+00:00" hostname="agent-env-a5652357-3f10-475d-9a07-c613eb7dacff"><testcase classname="backend.tests.test_iteration5_payment_webhook.TestPaymentStatusNo500" name="test_payment_status_before_payment_no_500" time="1.314" /><testcase classname="backend.tests.test_iteration5_payment_webhook.TestWebhookConfirmsPayment" name="test_webhook_endpoint_reachable_and_idempotent" time="0.104" /><testcase classname="backend.tests.test_iteration5_payment_webhook.TestDepositRegression" name="test_deposit_checkout_creates_session" time="0.656" /></testsuite></testsuites>