<?xml version="1.0" encoding="utf-8"?><testsuites name="pytest tests"><testsuite name="pytest" errors="0" failures="0" skipped="0" tests="22" time="1.612" timestamp="2026-07-21T18:38:58.511058+00:00" hostname="agent-env-94fb6841-fa3a-48ef-bf39-26584f17dfc6"><testcase classname="tests.test_iteration55_signup_turnstile.TestVerifyTurnstileUnit" name="test_no_secret_key_bypasses" time="0.340" /><testcase classname="tests.test_iteration55_signup_turnstile.TestVerifyTurnstileUnit" name="test_secret_present_but_empty_token" time="0.001" /><testcase classname="tests.test_iteration55_signup_turnstile.TestVerifyTurnstileUnit" name="test_maps_cloudflare_error_codes[cf_codes0-timeout-or-duplicate]" time="0.021" /><testcase classname="tests.test_iteration55_signup_turnstile.TestVerifyTurnstileUnit" name="test_maps_cloudflare_error_codes[cf_codes1-invalid-input-response]" time="0.003" /><testcase classname="tests.test_iteration55_signup_turnstile.TestVerifyTurnstileUnit" name="test_maps_cloudflare_error_codes[cf_codes2-hostname-mismatch]" time="0.002" /><testcase classname="tests.test_iteration55_signup_turnstile.TestVerifyTurnstileUnit" name="test_maps_cloudflare_error_codes[cf_codes3-invalid-input-secret]" time="0.002" /><testcase classname="tests.test_iteration55_signup_turnstile.TestVerifyTurnstileUnit" name="test_maps_cloudflare_error_codes[cf_codes4-invalid-input-response]" time="0.002" /><testcase classname="tests.test_iteration55_signup_turnstile.TestVerifyTurnstileUnit" name="test_maps_cloudflare_error_codes[cf_codes5-]" time="0.002" /><testcase classname="tests.test_iteration55_signup_turnstile.TestVerifyTurnstileUnit" name="test_cloudflare_success" time="0.002" /><testcase classname="tests.test_iteration55_signup_turnstile.TestVerifyTurnstileUnit" name="test_httpx_exception_returns_internal_error" time="0.003" /><testcase classname="tests.test_iteration55_signup_turnstile.TestSignupEndpointMapping" name="test_expiration_codes_map_to_expiration_message[timeout-or-duplicate]" time="0.498" /><testcase classname="tests.test_iteration55_signup_turnstile.TestSignupEndpointMapping" name="test_expiration_codes_map_to_expiration_message[invalid-input-response]" time="0.002" /><testcase classname="tests.test_iteration55_signup_turnstile.TestSignupEndpointMapping" name="test_expiration_codes_map_to_expiration_message[missing-input-response]" time="0.002" /><testcase classname="tests.test_iteration55_signup_turnstile.TestSignupEndpointMapping" name="test_other_codes_map_to_generic_message[hostname-mismatch]" time="0.002" /><testcase classname="tests.test_iteration55_signup_turnstile.TestSignupEndpointMapping" name="test_other_codes_map_to_generic_message[invalid-input-secret]" time="0.002" /><testcase classname="tests.test_iteration55_signup_turnstile.TestSignupEndpointMapping" name="test_other_codes_map_to_generic_message[internal-error]" time="0.002" /><testcase classname="tests.test_iteration55_signup_turnstile.TestSignupEndpointMapping" name="test_other_codes_map_to_generic_message[some-unknown-code]" time="0.002" /><testcase classname="tests.test_iteration55_signup_turnstile.TestSignupEndpointMapping" name="test_other_codes_map_to_generic_message[]" time="0.002" /><testcase classname="tests.test_iteration55_signup_turnstile.TestSignupEndpointMapping" name="test_success_verify_reaches_email_dup_check" time="0.002" /><testcase classname="tests.test_iteration55_signup_turnstile.TestSignupEndpointMapping" name="test_success_verify_creates_pending_request" time="0.230" /><testcase classname="tests.test_iteration55_signup_turnstile.TestSignupRealServerRegression" name="test_null_token_maps_to_expiration_via_http" time="0.193" /><testcase classname="tests.test_iteration55_signup_turnstile.TestSignupRealServerRegression" name="test_honeypot_bypasses_captcha_real_server" time="0.201" /></testsuite></testsuites>