<?xml version="1.0" encoding="utf-8"?><testsuites name="pytest tests"><testsuite name="pytest" errors="0" failures="0" skipped="0" tests="15" time="3.297" timestamp="2026-06-15T03:46:27.161893+00:00" hostname="agent-env-a5652357-3f10-475d-9a07-c613eb7dacff"><testcase classname="backend.tests.test_iteration6_site_push.TestSiteSettingsPublic" name="test_public_no_auth_required" time="0.217" /><testcase classname="backend.tests.test_iteration6_site_push.TestSiteSettingsAdmin" name="test_super_admin_get_returns_draft_and_published" time="0.382" /><testcase classname="backend.tests.test_iteration6_site_push.TestSiteSettingsAdmin" name="test_exec_forbidden" time="0.362" /><testcase classname="backend.tests.test_iteration6_site_push.TestSiteSettingsAdmin" name="test_admin_forbidden" time="0.415" /><testcase classname="backend.tests.test_iteration6_site_push.TestSiteSettingsAdmin" name="test_patch_updates_draft_only" time="0.709" /><testcase classname="backend.tests.test_iteration6_site_push.TestSiteSettingsAdmin" name="test_reset_draft" time="0.194" /><testcase classname="backend.tests.test_iteration6_site_push.TestSiteImageUpload" name="test_upload_and_fetch" time="0.182" /><testcase classname="backend.tests.test_iteration6_site_push.TestSiteImageUpload" name="test_upload_rejects_non_image" time="0.174" /><testcase classname="backend.tests.test_iteration6_site_push.TestSiteImageUpload" name="test_upload_requires_super_admin" time="0.042" /><testcase classname="backend.tests.test_iteration6_site_push.TestPushVapid" name="test_vapid_public_key" time="0.098" /><testcase classname="backend.tests.test_iteration6_site_push.TestPushSubscription" name="test_subscribe_requires_auth" time="0.131" /><testcase classname="backend.tests.test_iteration6_site_push.TestPushSubscription" name="test_subscribe_and_unsubscribe" time="0.130" /><testcase classname="backend.tests.test_iteration6_site_push.TestPushSubscription" name="test_subscribe_invalid_payload" time="0.082" /><testcase classname="backend.tests.test_iteration6_site_push.TestRegression" name="test_admin_dashboard_endpoint" time="0.042" /><testcase classname="backend.tests.test_iteration6_site_push.TestRegression" name="test_quotation_list" time="0.055" /></testsuite></testsuites>