<?xml version="1.0" encoding="utf-8"?><testsuites name="pytest tests"><testsuite name="pytest" errors="0" failures="0" skipped="0" tests="4" time="0.785" timestamp="2026-06-19T04:14:09.612125+00:00" hostname="agent-env-f8bf9f4e-126d-44eb-a5a8-e363f491a0ef"><testcase classname="backend.tests.test_iteration38_pdf_occ_booking.TestPublicQuotationPdf" name="test_pdf_200_and_content_type" time="0.187" /><testcase classname="backend.tests.test_iteration38_pdf_occ_booking.TestPublicQuotationOcc" name="test_payload_has_occupancy_prices_with_occ_keys" time="0.255" /><testcase classname="backend.tests.test_iteration38_pdf_occ_booking.TestPublicBookingConfirmation" name="test_payload_200_with_trip_dates_and_company" time="0.109" /><testcase classname="backend.tests.test_iteration38_pdf_occ_booking.TestPublicBookingPdf" name="test_pdf_200_and_content_type" time="0.168" /></testsuite></testsuites>