<?xml version="1.0" encoding="utf-8"?><testsuites name="pytest tests"><testsuite name="pytest" errors="0" failures="2" skipped="0" tests="9" time="1.692" timestamp="2026-06-15T04:33:23.806867+00:00" hostname="agent-env-a5652357-3f10-475d-9a07-c613eb7dacff"><testcase classname="backend.tests.test_iteration8_packages_seasons" name="test_package_create_with_seasons_and_hotels" time="0.502" /><testcase classname="backend.tests.test_iteration8_packages_seasons" name="test_package_get_after_create" time="0.047" /><testcase classname="backend.tests.test_iteration8_packages_seasons" name="test_package_patch_updates_base_price" time="0.093" /><testcase classname="backend.tests.test_iteration8_packages_seasons" name="test_executive_cannot_create_package" time="0.383" /><testcase classname="backend.tests.test_iteration8_packages_seasons" name="test_executive_cannot_delete_package" time="0.050" /><testcase classname="backend.tests.test_iteration8_packages_seasons" name="test_quotation_inside_alta_uses_season_price" time="0.140"><failure message="AssertionError: {&quot;detail&quot;:[{&quot;type&quot;:&quot;missing&quot;,&quot;loc&quot;:[&quot;body&quot;,&quot;pax&quot;],&quot;msg&quot;:&quot;Field required&quot;,&quot;input&quot;:{&quot;client_id&quot;:&quot;d84df0c9-04ef-4437-9ca2-0a27e35f75f4&quot;,&quot;package_id&quot;:&quot;14d48fd3-58df-4ddc-9eb6-48cd0ed9cd06&quot;,&quot;hotel_name&quot;:&quot;Hotel Riu Plaza Guadalajara&quot;,&quot;occupancy&quot;:&quot;doble&quot;,&quot;adults&quot;:2,&quot;children&quot;:0,&quot;minors&quot;:0,&quot;dates&quot;:{&quot;start&quot;:&quot;2026-12-20&quot;,&quot;end&quot;:&quot;2026-12-23&quot;},&quot;services_selected&quot;:[],&quot;extra_nights&quot;:0,&quot;notes&quot;:&quot;TEST_season_inside&quot;},&quot;url&quot;:&quot;https://errors.pydantic.dev/2.12/v/missing&quot;},{&quot;type&quot;:&quot;model_attributes_type&quot;,&quot;loc&quot;:[&quot;body&quot;,&quot;extra_nights&quot;],&quot;msg&quot;:&quot;Input should be a valid dictionary or object to extract fields from&quot;,&quot;input&quot;:0,&quot;url&quot;:&quot;https://errors.pydantic.dev/2.12/v/model_attributes_type&quot;}]}&#10;assert 422 in (200, 201)&#10; +  where 422 = &lt;Response [422]&gt;.status_code">backend/tests/test_iteration8_packages_seasons.py:153: in test_quotation_inside_alta_uses_season_price
    assert r.status_code in (200, 201), r.text
E   AssertionError: {"detail":[{"type":"missing","loc":["body","pax"],"msg":"Field required","input":{"client_id":"d84df0c9-04ef-4437-9ca2-0a27e35f75f4","package_id":"14d48fd3-58df-4ddc-9eb6-48cd0ed9cd06","hotel_name":"Hotel Riu Plaza Guadalajara","occupancy":"doble","adults":2,"children":0,"minors":0,"dates":{"start":"2026-12-20","end":"2026-12-23"},"services_selected":[],"extra_nights":0,"notes":"TEST_season_inside"},"url":"https://errors.pydantic.dev/2.12/v/missing"},{"type":"model_attributes_type","loc":["body","extra_nights"],"msg":"Input should be a valid dictionary or object to extract fields from","input":0,"url":"https://errors.pydantic.dev/2.12/v/model_attributes_type"}]}
E   assert 422 in (200, 201)
E    +  where 422 = &lt;Response [422]&gt;.status_code</failure></testcase><testcase classname="backend.tests.test_iteration8_packages_seasons" name="test_quotation_outside_uses_base_price" time="0.134"><failure message="AssertionError: {&quot;detail&quot;:[{&quot;type&quot;:&quot;missing&quot;,&quot;loc&quot;:[&quot;body&quot;,&quot;pax&quot;],&quot;msg&quot;:&quot;Field required&quot;,&quot;input&quot;:{&quot;client_id&quot;:&quot;d84df0c9-04ef-4437-9ca2-0a27e35f75f4&quot;,&quot;package_id&quot;:&quot;14d48fd3-58df-4ddc-9eb6-48cd0ed9cd06&quot;,&quot;hotel_name&quot;:&quot;Hotel Riu Plaza Guadalajara&quot;,&quot;occupancy&quot;:&quot;doble&quot;,&quot;adults&quot;:2,&quot;children&quot;:0,&quot;minors&quot;:0,&quot;dates&quot;:{&quot;start&quot;:&quot;2026-08-10&quot;,&quot;end&quot;:&quot;2026-08-13&quot;},&quot;services_selected&quot;:[],&quot;extra_nights&quot;:0,&quot;notes&quot;:&quot;TEST_season_outside&quot;},&quot;url&quot;:&quot;https://errors.pydantic.dev/2.12/v/missing&quot;},{&quot;type&quot;:&quot;model_attributes_type&quot;,&quot;loc&quot;:[&quot;body&quot;,&quot;extra_nights&quot;],&quot;msg&quot;:&quot;Input should be a valid dictionary or object to extract fields from&quot;,&quot;input&quot;:0,&quot;url&quot;:&quot;https://errors.pydantic.dev/2.12/v/model_attributes_type&quot;}]}&#10;assert 422 in (200, 201)&#10; +  where 422 = &lt;Response [422]&gt;.status_code">backend/tests/test_iteration8_packages_seasons.py:180: in test_quotation_outside_uses_base_price
    assert r.status_code in (200, 201), r.text
E   AssertionError: {"detail":[{"type":"missing","loc":["body","pax"],"msg":"Field required","input":{"client_id":"d84df0c9-04ef-4437-9ca2-0a27e35f75f4","package_id":"14d48fd3-58df-4ddc-9eb6-48cd0ed9cd06","hotel_name":"Hotel Riu Plaza Guadalajara","occupancy":"doble","adults":2,"children":0,"minors":0,"dates":{"start":"2026-08-10","end":"2026-08-13"},"services_selected":[],"extra_nights":0,"notes":"TEST_season_outside"},"url":"https://errors.pydantic.dev/2.12/v/missing"},{"type":"model_attributes_type","loc":["body","extra_nights"],"msg":"Input should be a valid dictionary or object to extract fields from","input":0,"url":"https://errors.pydantic.dev/2.12/v/model_attributes_type"}]}
E   assert 422 in (200, 201)
E    +  where 422 = &lt;Response [422]&gt;.status_code</failure></testcase><testcase classname="backend.tests.test_iteration8_packages_seasons" name="test_image_upload_returns_fetchable_url" time="0.148" /><testcase classname="backend.tests.test_iteration8_packages_seasons" name="test_zz_delete_test_package" time="0.093" /></testsuite></testsuites>