<?xml version="1.0" encoding="utf-8"?><testsuites name="pytest tests"><testsuite name="pytest" errors="0" failures="0" skipped="0" tests="6" time="1.417" timestamp="2026-06-16T22:04:15.325612+00:00" hostname="agent-env-55154d7f-0b66-468a-a224-1ba7e44a737d"><testcase classname="backend.tests.test_iteration28_presentation_custom_dt.TestCustomQuotationPersistence" name="test_presentation_text_persisted" time="0.669" /><testcase classname="backend.tests.test_iteration28_presentation_custom_dt.TestCustomQuotationPersistence" name="test_custom_items_have_datetime_fields" time="0.048" /><testcase classname="backend.tests.test_iteration28_presentation_custom_dt.TestPackagePresentationText" name="test_package_quotation_accepts_presentation_text" time="0.156" /><testcase classname="backend.tests.test_iteration28_presentation_custom_dt.TestPDF" name="test_pdf_returned_for_custom_with_presentation" time="0.077" /><testcase classname="backend.tests.test_iteration28_presentation_custom_dt.TestPublicLink" name="test_public_link_exposes_presentation_and_custom_items" time="0.304" /><testcase classname="backend.tests.test_iteration28_presentation_custom_dt.TestAIPresentation" name="test_ai_presentation_returns_503_or_200" time="0.102" /></testsuite></testsuites>