<?xml version="1.0" encoding="utf-8"?><testsuites name="pytest tests"><testsuite name="pytest" errors="0" failures="0" skipped="0" tests="11" time="1.467" timestamp="2026-08-10T21:47:14.885230+00:00" hostname="agent-env-24b7d350-d1ea-4797-90b3-f4bf46170732"><testcase classname="backend.tests.test_iteration64_per_person_breakdown.TestUnitBreakdown" name="test_spec_example_8pax_2triples_1doble" time="0.469" /><testcase classname="backend.tests.test_iteration64_per_person_breakdown.TestUnitBreakdown" name="test_rounding_residual_absorbed_in_largest_row" time="0.000" /><testcase classname="backend.tests.test_iteration64_per_person_breakdown.TestUnitBreakdown" name="test_custom_single_row" time="0.000" /><testcase classname="backend.tests.test_iteration64_per_person_breakdown.TestUnitBreakdown" name="test_final_total_with_discount" time="0.000" /><testcase classname="backend.tests.test_iteration64_per_person_breakdown.TestUnitBreakdown" name="test_with_menores" time="0.000" /><testcase classname="backend.tests.test_iteration64_per_person_breakdown.TestUnitBreakdown" name="test_returns_none_when_total_zero" time="0.000" /><testcase classname="backend.tests.test_iteration64_per_person_breakdown.TestQuotationEndpoint" name="test_create_package_quotation_with_show_per_person" time="0.170" /><testcase classname="backend.tests.test_iteration64_per_person_breakdown.TestQuotationEndpoint" name="test_get_quotation_returns_breakdown_and_sum_matches" time="0.048" /><testcase classname="backend.tests.test_iteration64_per_person_breakdown.TestQuotationEndpoint" name="test_patch_show_per_person_persists" time="0.199" /><testcase classname="backend.tests.test_iteration64_per_person_breakdown.TestPublic" name="test_public_quotation_shows_breakdown" time="0.364" /><testcase classname="backend.tests.test_iteration64_per_person_breakdown.TestPDF" name="test_pdf_generates_ok" time="0.122" /></testsuite></testsuites>