<?xml version="1.0" encoding="utf-8"?><testsuites name="pytest tests"><testsuite name="pytest" errors="0" failures="0" skipped="0" tests="8" time="2.073" timestamp="2026-06-16T04:13:42.039240+00:00" hostname="agent-env-55154d7f-0b66-468a-a224-1ba7e44a737d"><testcase classname="backend.tests.test_iteration27_publish.TestTemplateFeatured" name="test_patch_featured_true" time="0.547" /><testcase classname="backend.tests.test_iteration27_publish.TestTemplateFeatured" name="test_list_featured_first" time="0.171" /><testcase classname="backend.tests.test_iteration27_publish.TestTemplateFeatured" name="test_patch_featured_false" time="0.044" /><testcase classname="backend.tests.test_iteration27_publish.TestPublishTemplateAsPackage" name="test_executive_forbidden" time="0.367" /><testcase classname="backend.tests.test_iteration27_publish.TestPublishTemplateAsPackage" name="test_admin_publish_inactive_with_code" time="0.351" /><testcase classname="backend.tests.test_iteration27_publish.TestPublishTemplateAsPackage" name="test_published_appears_in_admin_packages" time="0.043" /><testcase classname="backend.tests.test_iteration27_publish.TestPublishTemplateAsPackage" name="test_publish_without_code_auto_generates" time="0.046" /><testcase classname="backend.tests.test_iteration27_publish.TestSaveQuotationAsPackageRespectsCode" name="test_save_as_package_with_custom_code_active" time="0.442" /></testsuite></testsuites>