<?xml version="1.0" encoding="utf-8"?><testsuites name="pytest tests"><testsuite name="pytest" errors="0" failures="0" skipped="0" tests="17" time="2.840" timestamp="2026-06-18T05:25:44.801183+00:00" hostname="agent-env-dabe54dc-c5a0-44f7-b05b-028bea606dcc"><testcase classname="backend.tests.test_iteration34_pricing_paquetes" name="test_paquete_directo_agencia_publico_sin_comision[directo]" time="0.653" /><testcase classname="backend.tests.test_iteration34_pricing_paquetes" name="test_paquete_directo_agencia_publico_sin_comision[agencia]" time="0.088" /><testcase classname="backend.tests.test_iteration34_pricing_paquetes" name="test_paquete_mayorista_publico_menos_comision_y_nota" time="0.092" /><testcase classname="backend.tests.test_iteration34_pricing_paquetes" name="test_paquete_operador_tarifa_neta_y_nota" time="0.091" /><testcase classname="backend.tests.test_iteration34_pricing_paquetes" name="test_menores_se_suman_al_total[directo-5921.05]" time="0.089" /><testcase classname="backend.tests.test_iteration34_pricing_paquetes" name="test_menores_se_suman_al_total[mayorista-5032.89]" time="0.093" /><testcase classname="backend.tests.test_iteration34_pricing_paquetes" name="test_menores_se_suman_al_total[operador-4500.0]" time="0.092" /><testcase classname="backend.tests.test_iteration34_pricing_paquetes" name="test_paquete_mas_servicio_comision_solo_servicios" time="0.135" /><testcase classname="backend.tests.test_iteration34_pricing_paquetes" name="test_servicios_only_commission_sobre_subtotal" time="0.046" /><testcase classname="backend.tests.test_iteration34_pricing_paquetes" name="test_public_company_catalog_muestra_precio_publico" time="0.161" /><testcase classname="backend.tests.test_iteration34_pricing_paquetes" name="test_public_package_muestra_precio_publico" time="0.102" /><testcase classname="backend.tests.test_iteration34_pricing_paquetes" name="test_public_link_quotation_expone_price_note" time="0.344" /><testcase classname="backend.tests.test_iteration34_pricing_paquetes" name="test_pdf_descarga_ok_todos_los_canales[directo]" time="0.156" /><testcase classname="backend.tests.test_iteration34_pricing_paquetes" name="test_pdf_descarga_ok_todos_los_canales[agencia]" time="0.181" /><testcase classname="backend.tests.test_iteration34_pricing_paquetes" name="test_pdf_descarga_ok_todos_los_canales[mayorista]" time="0.149" /><testcase classname="backend.tests.test_iteration34_pricing_paquetes" name="test_pdf_descarga_ok_todos_los_canales[operador]" time="0.151" /><testcase classname="backend.tests.test_iteration34_pricing_paquetes" name="test_cleanup_test_clients" time="0.149" /></testsuite></testsuites>