<?xml version="1.0" encoding="utf-8"?><testsuites name="pytest tests"><testsuite name="pytest" errors="0" failures="1" skipped="0" tests="12" time="9.665" timestamp="2026-06-15T03:10:44.472053+00:00" hostname="agent-env-a5652357-3f10-475d-9a07-c613eb7dacff"><testcase classname="backend.tests.test_iteration4_payments.TestExchangeRate" name="test_exchange_rate_public" time="0.190" /><testcase classname="backend.tests.test_iteration4_payments.TestIntegrations" name="test_get_integrations_admin" time="0.392" /><testcase classname="backend.tests.test_iteration4_payments.TestIntegrations" name="test_get_integrations_executive_forbidden" time="0.367" /><testcase classname="backend.tests.test_iteration4_payments.TestIntegrations" name="test_patch_integrations_admin" time="0.050" /><testcase classname="backend.tests.test_iteration4_payments.TestIntegrations" name="test_patch_integrations_masked_secret_not_wiped" time="0.245" /><testcase classname="backend.tests.test_iteration4_payments.TestIntegrations" name="test_patch_integrations_executive_forbidden" time="0.042" /><testcase classname="backend.tests.test_iteration4_payments.TestPricingAdjust" name="test_apply_percent_discount" time="0.113" /><testcase classname="backend.tests.test_iteration4_payments.TestPricingAdjust" name="test_apply_fixed_discount" time="0.053" /><testcase classname="backend.tests.test_iteration4_payments.TestPricingAdjust" name="test_reset_discount" time="0.051" /><testcase classname="backend.tests.test_iteration4_payments.TestPublicQuotation" name="test_public_get_returns_payment_block" time="0.171" /><testcase classname="backend.tests.test_iteration4_payments.TestPublicQuotation" name="test_public_checkout_total" time="7.273"><failure message="AssertionError: payment-status never returned 200: 500 Internal Server Error&#10;assert 500 == 200&#10; +  where 500 = &lt;Response [500]&gt;.status_code">E   AssertionError: payment-status never returned 200: 500 Internal Server Error
    assert 500 == 200
     +  where 500 = &lt;Response [500]&gt;.status_code</failure></testcase><testcase classname="backend.tests.test_iteration4_payments.TestPublicQuotation" name="test_public_checkout_deposit" time="0.655" /></testsuite></testsuites>