<?xml version="1.0" encoding="utf-8"?><testsuites name="pytest tests"><testsuite name="pytest" errors="0" failures="0" skipped="0" tests="13" time="2.296" timestamp="2026-08-10T19:17:43.125367+00:00" hostname="agent-env-24b7d350-d1ea-4797-90b3-f4bf46170732"><testcase classname="tests.test_iteration62_recipient_resolution.TestResolveClientEmailUnit" name="test_directo_with_email" time="0.000" /><testcase classname="tests.test_iteration62_recipient_resolution.TestResolveClientEmailUnit" name="test_agency_executive_with_email" time="0.000" /><testcase classname="tests.test_iteration62_recipient_resolution.TestResolveClientEmailUnit" name="test_agency_executive_no_email" time="0.000" /><testcase classname="tests.test_iteration62_recipient_resolution.TestResolveClientEmailUnit" name="test_agency_no_executive_id" time="0.000" /><testcase classname="tests.test_iteration62_recipient_resolution.TestResolveClientEmailUnit" name="test_directo_no_email" time="0.000" /><testcase classname="tests.test_iteration62_recipient_resolution.TestSendMessage" name="test_directo_uses_client_email" time="0.926" /><testcase classname="tests.test_iteration62_recipient_resolution.TestSendMessage" name="test_agencia_uses_executive_email_not_general" time="0.061" /><testcase classname="tests.test_iteration62_recipient_resolution.TestSendMessage" name="test_agencia_executive_no_email_returns_400" time="0.058" /><testcase classname="tests.test_iteration62_recipient_resolution.TestSendMessage" name="test_agencia_no_executive_id_returns_400" time="0.057" /><testcase classname="tests.test_iteration62_recipient_resolution.TestSendPayment" name="test_directo_resolves_client_email" time="0.056" /><testcase classname="tests.test_iteration62_recipient_resolution.TestSendPayment" name="test_agencia_resolves_executive_email" time="0.053" /><testcase classname="tests.test_iteration62_recipient_resolution.TestSendPayment" name="test_agencia_no_exec_email_returns_400" time="0.052" /><testcase classname="tests.test_iteration62_recipient_resolution.TestSendPayment" name="test_explicit_to_email_is_respected" time="0.655" /></testsuite></testsuites>