<?xml version="1.0" encoding="utf-8"?><testsuites name="pytest tests"><testsuite name="pytest" errors="0" failures="0" skipped="0" tests="10" time="1.720" timestamp="2026-06-20T00:46:58.697542+00:00" hostname="agent-env-d2293673-f6cd-4ae2-ac89-5179ba794b84"><testcase classname="backend.tests.test_iteration44_custom_pricing_units.TestCustomPricingByUnit" name="test_per_night_uses_nights_ignores_qty" time="0.448" /><testcase classname="backend.tests.test_iteration44_custom_pricing_units.TestCustomPricingByUnit" name="test_per_room_uses_qty_ignores_nights" time="0.050" /><testcase classname="backend.tests.test_iteration44_custom_pricing_units.TestCustomPricingByUnit" name="test_per_person_uses_qty" time="0.048" /><testcase classname="backend.tests.test_iteration44_custom_pricing_units.TestCustomPricingByUnit" name="test_per_group_always_one" time="0.049" /><testcase classname="backend.tests.test_iteration44_custom_pricing_units.TestCustomPricingByUnit" name="test_per_vehicle_uses_qty" time="0.050" /><testcase classname="backend.tests.test_iteration44_custom_pricing_units.TestCustomPricingByUnit" name="test_per_day_uses_qty" time="0.053" /><testcase classname="backend.tests.test_iteration44_custom_pricing_units.TestCustomPricingByUnit" name="test_multi_items_pdf_and_public_link" time="0.367" /><testcase classname="backend.tests.test_iteration44_custom_pricing_units.TestPaqueteRegression" name="test_paquete_extra_per_night_still_uses_qty" time="0.097" /><testcase classname="backend.tests.test_iteration44_custom_pricing_units.TestPaqueteRegression" name="test_servicios_a_la_carta_custom_per_night_uses_qty" time="0.047" /><testcase classname="backend.tests.test_iteration44_custom_pricing_units" name="test_zz_cleanup" time="0.428" /></testsuite></testsuites>