<?xml version="1.0" encoding="utf-8"?><testsuites name="pytest tests"><testsuite name="pytest" errors="0" failures="1" skipped="0" tests="6" time="2.146" timestamp="2026-08-09T21:58:54.626680+00:00" hostname="agent-env-24b7d350-d1ea-4797-90b3-f4bf46170732"><testcase classname="backend.tests.test_iteration59_iter5" name="test_run_reminders_returns_internal_digest_shape" time="0.440" /><testcase classname="backend.tests.test_iteration59_iter5" name="test_run_reminders_requires_super_admin" time="0.372" /><testcase classname="backend.tests.test_iteration59_iter5" name="test_internal_digest_toggle_persists" time="0.282" /><testcase classname="backend.tests.test_iteration59_iter5" name="test_patch_quotation_notes" time="0.300" /><testcase classname="backend.tests.test_iteration59_iter5" name="test_follow_up_payment_endpoint_wired" time="0.051" /><testcase classname="backend.tests.test_iteration59_iter5" name="test_package_is_private_hides_from_public_catalog" time="0.596"><failure message="AssertionError: private package should be hidden from public catalog&#10;assert 'GDL-TEQ-3N' not in {'GDL-TEQ-3N', 'PV-LUX-5N'}">backend/tests/test_iteration59_iter5.py:191: in test_package_is_private_hides_from_public_catalog
    assert code not in codes_after, "private package should be hidden from public catalog"
E   AssertionError: private package should be hidden from public catalog
E   assert 'GDL-TEQ-3N' not in {'GDL-TEQ-3N', 'PV-LUX-5N'}</failure></testcase></testsuite></testsuites>