<?xml version="1.0" encoding="utf-8"?><testsuites name="pytest tests"><testsuite name="pytest" errors="0" failures="0" skipped="0" tests="9" time="1.360" timestamp="2026-08-10T22:39:56.804017+00:00" hostname="agent-env-24b7d350-d1ea-4797-90b3-f4bf46170732"><testcase classname="backend.tests.test_iteration65_custom_occupancy_breakdown.TestUnitCustomOccupancyBreakdown" name="test_custom_doble_triple_differentiated_and_balances" time="0.516" /><testcase classname="backend.tests.test_iteration65_custom_occupancy_breakdown.TestUnitCustomOccupancyBreakdown" name="test_custom_with_menores_uniform_shared" time="0.000" /><testcase classname="backend.tests.test_iteration65_custom_occupancy_breakdown.TestUnitCustomOccupancyBreakdown" name="test_custom_rounding_absorbs_residual" time="0.000" /><testcase classname="backend.tests.test_iteration65_custom_occupancy_breakdown.TestUnitCustomOccupancyBreakdown" name="test_fallback_old_data_no_ocupacion" time="0.000" /><testcase classname="backend.tests.test_iteration65_custom_occupancy_breakdown.TestE2EPersonalizadoOccupancy" name="test_create_personalizado_with_doble_and_triple" time="0.102" /><testcase classname="backend.tests.test_iteration65_custom_occupancy_breakdown.TestE2EPersonalizadoOccupancy" name="test_get_returns_breakdown_doble_gt_triple" time="0.046" /><testcase classname="backend.tests.test_iteration65_custom_occupancy_breakdown.TestE2EPersonalizadoOccupancy" name="test_public_endpoint_shows_same_breakdown" time="0.356" /><testcase classname="backend.tests.test_iteration65_custom_occupancy_breakdown.TestE2EPersonalizadoOccupancy" name="test_pdf_ok" time="0.068" /><testcase classname="backend.tests.test_iteration65_custom_occupancy_breakdown.TestE2EEditPersistence" name="test_patch_custom_items_ocupacion_persists" time="0.184" /></testsuite></testsuites>