<?xml version="1.0" encoding="utf-8"?><testsuites name="pytest tests"><testsuite name="pytest" errors="0" failures="0" skipped="0" tests="4" time="2.901" timestamp="2026-07-21T20:00:37.841092+00:00" hostname="agent-env-24b7d350-d1ea-4797-90b3-f4bf46170732"><testcase classname="backend.tests.test_iteration56_booking_refresh" name="test_get_booking_confirmation_returns_prefill" time="1.028" /><testcase classname="backend.tests.test_iteration56_booking_refresh" name="test_e2e_mismatch_refresh_and_history" time="1.106" /><testcase classname="backend.tests.test_iteration56_booking_refresh" name="test_refresh_without_confirmation_returns_404" time="0.605" /><testcase classname="backend.tests.test_iteration56_booking_refresh" name="test_refresh_invalid_quotation_returns_404" time="0.077" /></testsuite></testsuites>