<?xml version="1.0" encoding="utf-8"?><testsuites name="pytest tests"><testsuite name="pytest" errors="0" failures="0" skipped="0" tests="6" time="1.772" timestamp="2026-06-19T02:08:36.721168+00:00" hostname="agent-env-f8bf9f4e-126d-44eb-a5a8-e363f491a0ef"><testcase classname="backend.tests.test_iteration36_pdf_redesign.TestPdfGeneration" name="test_pdf_for_existing_quotation_as_executive" time="0.549" /><testcase classname="backend.tests.test_iteration36_pdf_redesign.TestPdfGeneration" name="test_pdf_for_existing_quotation_as_admin" time="0.451" /><testcase classname="backend.tests.test_iteration36_pdf_redesign.TestPublicQuotationData" name="test_public_personalizado_token_1_has_itinerary" time="0.262" /><testcase classname="backend.tests.test_iteration36_pdf_redesign.TestPublicQuotationData" name="test_public_personalizado_token_2_has_itinerary" time="0.124" /><testcase classname="backend.tests.test_iteration36_pdf_redesign.TestPublicQuotationData" name="test_public_paquete_show_all_false_no_occupancy" time="0.130" /><testcase classname="backend.tests.test_iteration36_pdf_redesign.TestPublicQuotationData" name="test_public_response_has_total_and_currency" time="0.188" /></testsuite></testsuites>