<?xml version="1.0" encoding="utf-8"?><testsuites name="pytest tests"><testsuite name="pytest" errors="0" failures="0" skipped="0" tests="25" time="11.296" timestamp="2026-04-23T23:05:13.412002+00:00" hostname="agent-env-eace129a-84bc-4e06-b867-078a800be150"><testcase classname="backend.tests.backend_test" name="test_health" time="0.315" /><testcase classname="backend.tests.backend_test" name="test_login_super" time="0.378" /><testcase classname="backend.tests.backend_test" name="test_login_admin" time="0.374" /><testcase classname="backend.tests.backend_test" name="test_login_executive" time="0.332" /><testcase classname="backend.tests.backend_test" name="test_login_invalid" time="0.180" /><testcase classname="backend.tests.backend_test" name="test_me_after_login" time="0.404" /><testcase classname="backend.tests.backend_test" name="test_logout_clears" time="0.471" /><testcase classname="backend.tests.backend_test" name="test_executive_cannot_list_companies" time="0.392" /><testcase classname="backend.tests.backend_test" name="test_admin_cannot_access_master_metrics" time="0.394" /><testcase classname="backend.tests.backend_test" name="test_super_cannot_list_quotations_require_tenant" time="0.391" /><testcase classname="backend.tests.backend_test" name="test_list_companies_super" time="0.479" /><testcase classname="backend.tests.backend_test" name="test_create_company_super" time="0.623" /><testcase classname="backend.tests.backend_test" name="test_company_me_admin" time="0.403" /><testcase classname="backend.tests.backend_test" name="test_patch_pricing_admin" time="0.536" /><testcase classname="backend.tests.backend_test" name="test_list_packages" time="0.429" /><testcase classname="backend.tests.backend_test" name="test_list_clients" time="0.388" /><testcase classname="backend.tests.backend_test" name="test_create_client" time="0.439" /><testcase classname="backend.tests.backend_test" name="test_create_quotation_and_verify" time="0.590" /><testcase classname="backend.tests.backend_test" name="test_list_quotations_enriched" time="0.410" /><testcase classname="backend.tests.backend_test" name="test_update_quotation_state" time="0.748" /><testcase classname="backend.tests.backend_test" name="test_pdf_download" time="0.492" /><testcase classname="backend.tests.backend_test" name="test_dashboard_metrics" time="0.405" /><testcase classname="backend.tests.backend_test" name="test_master_metrics" time="0.421" /><testcase classname="backend.tests.backend_test" name="test_invite_executive" time="0.662" /><testcase classname="backend.tests.backend_test" name="test_invite_executive_requires_admin" time="0.425" /></testsuite></testsuites>